ARM GAS  C:\Users\ASUS\AppData\Local\Temp\cc0z1tIj.s 			page 1


   1              		.cpu cortex-m3
   2              		.arch armv7-m
   3              		.fpu softvfp
   4              		.eabi_attribute 20, 1
   5              		.eabi_attribute 21, 1
   6              		.eabi_attribute 23, 3
   7              		.eabi_attribute 24, 1
   8              		.eabi_attribute 25, 1
   9              		.eabi_attribute 26, 1
  10              		.eabi_attribute 30, 6
  11              		.eabi_attribute 34, 1
  12              		.eabi_attribute 18, 4
  13              		.file	"button.c"
  14              		.text
  15              	.Ltext0:
  16              		.cfi_sections	.debug_frame
  17              		.global	button1_flag
  18              		.section	.bss.button1_flag,"aw",%nobits
  19              		.align	2
  22              	button1_flag:
  23 0000 00000000 		.space	4
  24              		.global	button2_flag
  25              		.section	.bss.button2_flag,"aw",%nobits
  26              		.align	2
  29              	button2_flag:
  30 0000 00000000 		.space	4
  31              		.global	button3_flag
  32              		.section	.bss.button3_flag,"aw",%nobits
  33              		.align	2
  36              	button3_flag:
  37 0000 00000000 		.space	4
  38              		.global	button3_dbclick
  39              		.section	.bss.button3_dbclick,"aw",%nobits
  40              		.align	2
  43              	button3_dbclick:
  44 0000 00000000 		.space	4
  45              		.global	button4_flag
  46              		.section	.bss.button4_flag,"aw",%nobits
  47              		.align	2
  50              	button4_flag:
  51 0000 00000000 		.space	4
  52              		.global	button5_flag
  53              		.section	.bss.button5_flag,"aw",%nobits
  54              		.align	2
  57              	button5_flag:
  58 0000 00000000 		.space	4
  59              		.global	KeyReg0_1
  60              		.section	.data.KeyReg0_1,"aw"
  61              		.align	2
  64              	KeyReg0_1:
  65 0000 01000000 		.word	1
  66              		.global	KeyReg1_1
  67              		.section	.data.KeyReg1_1,"aw"
  68              		.align	2
  71              	KeyReg1_1:
  72 0000 01000000 		.word	1
  73              		.global	KeyReg2_1
ARM GAS  C:\Users\ASUS\AppData\Local\Temp\cc0z1tIj.s 			page 2


  74              		.section	.data.KeyReg2_1,"aw"
  75              		.align	2
  78              	KeyReg2_1:
  79 0000 01000000 		.word	1
  80              		.global	KeyReg3_1
  81              		.section	.data.KeyReg3_1,"aw"
  82              		.align	2
  85              	KeyReg3_1:
  86 0000 01000000 		.word	1
  87              		.global	TimerforKeyPRESS1
  88              		.section	.data.TimerforKeyPRESS1,"aw"
  89              		.align	2
  92              	TimerforKeyPRESS1:
  93 0000 C8000000 		.word	200
  94              		.section	.text.isButton1Pressed,"ax",%progbits
  95              		.align	1
  96              		.global	isButton1Pressed
  97              		.syntax unified
  98              		.thumb
  99              		.thumb_func
 101              	isButton1Pressed:
 102              	.LFB65:
 103              		.file 1 "./Core/Src/button.c"
   1:./Core/Src/button.c **** /*
   2:./Core/Src/button.c ****  * button.c
   3:./Core/Src/button.c ****  *
   4:./Core/Src/button.c ****  *  Created on: Oct 28, 2022
   5:./Core/Src/button.c ****  *      Author: ASUS
   6:./Core/Src/button.c ****  */
   7:./Core/Src/button.c **** 
   8:./Core/Src/button.c **** #include "button.h"
   9:./Core/Src/button.c **** 
  10:./Core/Src/button.c **** 
  11:./Core/Src/button.c **** int button1_flag = 0;
  12:./Core/Src/button.c **** int button2_flag = 0;
  13:./Core/Src/button.c **** int button3_flag = 0; int button3_dbclick = 0;
  14:./Core/Src/button.c **** int button4_flag = 0;
  15:./Core/Src/button.c **** int button5_flag = 0;
  16:./Core/Src/button.c **** 
  17:./Core/Src/button.c **** //KeyReg trong qua trinh rung
  18:./Core/Src/button.c **** int KeyReg0_1 = NORMAL_STATE;
  19:./Core/Src/button.c **** int KeyReg1_1 = NORMAL_STATE;
  20:./Core/Src/button.c **** int KeyReg2_1 = NORMAL_STATE;
  21:./Core/Src/button.c **** 
  22:./Core/Src/button.c **** //KeyReg cua qua trinh on dinh truoc day
  23:./Core/Src/button.c **** int KeyReg3_1 = NORMAL_STATE;
  24:./Core/Src/button.c **** 
  25:./Core/Src/button.c **** 
  26:./Core/Src/button.c **** //Thoi gian cua nhan de'
  27:./Core/Src/button.c **** int TimerforKeyPRESS1 = 200;
  28:./Core/Src/button.c **** 
  29:./Core/Src/button.c **** int isButton1Pressed(){
 104              		.loc 1 29 23
 105              		.cfi_startproc
 106              		@ args = 0, pretend = 0, frame = 0
 107              		@ frame_needed = 1, uses_anonymous_args = 0
 108              		@ link register save eliminated.
ARM GAS  C:\Users\ASUS\AppData\Local\Temp\cc0z1tIj.s 			page 3


 109 0000 80B4     		push	{r7}
 110              		.cfi_def_cfa_offset 4
 111              		.cfi_offset 7, -4
 112 0002 00AF     		add	r7, sp, #0
 113              		.cfi_def_cfa_register 7
  30:./Core/Src/button.c **** 	if (button1_flag == 1){
 114              		.loc 1 30 19
 115 0004 064B     		ldr	r3, .L4
 116 0006 1B68     		ldr	r3, [r3]
 117              		.loc 1 30 5
 118 0008 012B     		cmp	r3, #1
 119 000a 04D1     		bne	.L2
  31:./Core/Src/button.c **** 		button1_flag = 0;
 120              		.loc 1 31 16
 121 000c 044B     		ldr	r3, .L4
 122 000e 0022     		movs	r2, #0
 123 0010 1A60     		str	r2, [r3]
  32:./Core/Src/button.c **** 		return 1;
 124              		.loc 1 32 10
 125 0012 0123     		movs	r3, #1
 126 0014 00E0     		b	.L3
 127              	.L2:
  33:./Core/Src/button.c **** 	}
  34:./Core/Src/button.c **** 	else return 0;
 128              		.loc 1 34 14
 129 0016 0023     		movs	r3, #0
 130              	.L3:
  35:./Core/Src/button.c **** }
 131              		.loc 1 35 1
 132 0018 1846     		mov	r0, r3
 133 001a BD46     		mov	sp, r7
 134              		.cfi_def_cfa_register 13
 135              		@ sp needed
 136 001c 80BC     		pop	{r7}
 137              		.cfi_restore 7
 138              		.cfi_def_cfa_offset 0
 139 001e 7047     		bx	lr
 140              	.L5:
 141              		.align	2
 142              	.L4:
 143 0020 00000000 		.word	button1_flag
 144              		.cfi_endproc
 145              	.LFE65:
 147              		.section	.text.getKeyInput1,"ax",%progbits
 148              		.align	1
 149              		.global	getKeyInput1
 150              		.syntax unified
 151              		.thumb
 152              		.thumb_func
 154              	getKeyInput1:
 155              	.LFB66:
  36:./Core/Src/button.c **** //
  37:./Core/Src/button.c **** void getKeyInput1(){
 156              		.loc 1 37 20
 157              		.cfi_startproc
 158              		@ args = 0, pretend = 0, frame = 0
 159              		@ frame_needed = 1, uses_anonymous_args = 0
ARM GAS  C:\Users\ASUS\AppData\Local\Temp\cc0z1tIj.s 			page 4


 160 0000 80B5     		push	{r7, lr}
 161              		.cfi_def_cfa_offset 8
 162              		.cfi_offset 7, -8
 163              		.cfi_offset 14, -4
 164 0002 00AF     		add	r7, sp, #0
 165              		.cfi_def_cfa_register 7
  38:./Core/Src/button.c **** 	KeyReg0_1 = KeyReg1_1;
 166              		.loc 1 38 12
 167 0004 244B     		ldr	r3, .L11
 168 0006 1B68     		ldr	r3, [r3]
 169 0008 244A     		ldr	r2, .L11+4
 170 000a 1360     		str	r3, [r2]
  39:./Core/Src/button.c **** 	KeyReg1_1 = KeyReg2_1;
 171              		.loc 1 39 12
 172 000c 244B     		ldr	r3, .L11+8
 173 000e 1B68     		ldr	r3, [r3]
 174 0010 214A     		ldr	r2, .L11
 175 0012 1360     		str	r3, [r2]
  40:./Core/Src/button.c **** 	KeyReg2_1 = HAL_GPIO_ReadPin(BUTTON1_GPIO_Port, BUTTON1_Pin);
 176              		.loc 1 40 14
 177 0014 0221     		movs	r1, #2
 178 0016 2348     		ldr	r0, .L11+12
 179 0018 FFF7FEFF 		bl	HAL_GPIO_ReadPin
 180 001c 0346     		mov	r3, r0
 181 001e 1A46     		mov	r2, r3
 182              		.loc 1 40 12
 183 0020 1F4B     		ldr	r3, .L11+8
 184 0022 1A60     		str	r2, [r3]
  41:./Core/Src/button.c **** 
  42:./Core/Src/button.c **** 	if (KeyReg0_1 == KeyReg1_1 && KeyReg1_1 == KeyReg2_1){
 185              		.loc 1 42 16
 186 0024 1D4B     		ldr	r3, .L11+4
 187 0026 1A68     		ldr	r2, [r3]
 188 0028 1B4B     		ldr	r3, .L11
 189 002a 1B68     		ldr	r3, [r3]
 190              		.loc 1 42 5
 191 002c 9A42     		cmp	r2, r3
 192 002e 31D1     		bne	.L10
 193              		.loc 1 42 42 discriminator 1
 194 0030 194B     		ldr	r3, .L11
 195 0032 1A68     		ldr	r2, [r3]
 196 0034 1A4B     		ldr	r3, .L11+8
 197 0036 1B68     		ldr	r3, [r3]
 198              		.loc 1 42 29 discriminator 1
 199 0038 9A42     		cmp	r2, r3
 200 003a 2BD1     		bne	.L10
  43:./Core/Src/button.c **** 
  44:./Core/Src/button.c **** 		if (KeyReg2_1 != KeyReg3_1){					//Nhan doi trang thai
 201              		.loc 1 44 17
 202 003c 184B     		ldr	r3, .L11+8
 203 003e 1A68     		ldr	r2, [r3]
 204 0040 194B     		ldr	r3, .L11+16
 205 0042 1B68     		ldr	r3, [r3]
 206              		.loc 1 44 6
 207 0044 9A42     		cmp	r2, r3
 208 0046 12D0     		beq	.L8
  45:./Core/Src/button.c **** 			KeyReg3_1 = KeyReg2_1;
ARM GAS  C:\Users\ASUS\AppData\Local\Temp\cc0z1tIj.s 			page 5


 209              		.loc 1 45 14
 210 0048 154B     		ldr	r3, .L11+8
 211 004a 1B68     		ldr	r3, [r3]
 212 004c 164A     		ldr	r2, .L11+16
 213 004e 1360     		str	r3, [r2]
  46:./Core/Src/button.c **** 			if (KeyReg2_1 == PRESSED_STATE){			//Neu dang nhan
 214              		.loc 1 46 18
 215 0050 134B     		ldr	r3, .L11+8
 216 0052 1B68     		ldr	r3, [r3]
 217              		.loc 1 46 7
 218 0054 002B     		cmp	r3, #0
 219 0056 03D1     		bne	.L9
  47:./Core/Src/button.c **** 				button1_flag = 1;
 220              		.loc 1 47 18
 221 0058 144B     		ldr	r3, .L11+20
 222 005a 0122     		movs	r2, #1
 223 005c 1A60     		str	r2, [r3]
  48:./Core/Src/button.c **** 			}
  49:./Core/Src/button.c **** 			else{									//Luc truoc thi nhan, bay gio dang tha ra
  50:./Core/Src/button.c **** 				button1_flag = 0;
  51:./Core/Src/button.c **** 				TimerforKeyPRESS1 = 200;				//khi release thi RESET nhan de 1 giay
  52:./Core/Src/button.c **** 													//neu nhan lai trong 1 giay thi tinh la nhan de
  53:./Core/Src/button.c **** 			}
  54:./Core/Src/button.c **** 
  55:./Core/Src/button.c **** 		}
  56:./Core/Src/button.c **** 		else{										//Nhan de
  57:./Core/Src/button.c **** 			if(KeyReg2_1 == PRESSED_STATE){			// Neu dang nhan de
  58:./Core/Src/button.c **** 				TimerforKeyPRESS1--;
  59:./Core/Src/button.c **** 				if (TimerforKeyPRESS1 == 0){			// Nhan de thanh cong
  60:./Core/Src/button.c **** 					TimerforKeyPRESS1 = 100;			// Moi 1s nhan de thi RETURN button_flag 1 lan
  61:./Core/Src/button.c **** 					button1_flag = 1;
  62:./Core/Src/button.c **** 				}
  63:./Core/Src/button.c **** 			}
  64:./Core/Src/button.c **** 		}
  65:./Core/Src/button.c **** 
  66:./Core/Src/button.c **** 
  67:./Core/Src/button.c **** 	}
  68:./Core/Src/button.c **** 
  69:./Core/Src/button.c **** }
 224              		.loc 1 69 1
 225 005e 19E0     		b	.L10
 226              	.L9:
  50:./Core/Src/button.c **** 				TimerforKeyPRESS1 = 200;				//khi release thi RESET nhan de 1 giay
 227              		.loc 1 50 18
 228 0060 124B     		ldr	r3, .L11+20
 229 0062 0022     		movs	r2, #0
 230 0064 1A60     		str	r2, [r3]
  51:./Core/Src/button.c **** 													//neu nhan lai trong 1 giay thi tinh la nhan de
 231              		.loc 1 51 23
 232 0066 124B     		ldr	r3, .L11+24
 233 0068 C822     		movs	r2, #200
 234 006a 1A60     		str	r2, [r3]
 235              		.loc 1 69 1
 236 006c 12E0     		b	.L10
 237              	.L8:
  57:./Core/Src/button.c **** 				TimerforKeyPRESS1--;
 238              		.loc 1 57 17
ARM GAS  C:\Users\ASUS\AppData\Local\Temp\cc0z1tIj.s 			page 6


 239 006e 0C4B     		ldr	r3, .L11+8
 240 0070 1B68     		ldr	r3, [r3]
  57:./Core/Src/button.c **** 				TimerforKeyPRESS1--;
 241              		.loc 1 57 6
 242 0072 002B     		cmp	r3, #0
 243 0074 0ED1     		bne	.L10
  58:./Core/Src/button.c **** 				if (TimerforKeyPRESS1 == 0){			// Nhan de thanh cong
 244              		.loc 1 58 22
 245 0076 0E4B     		ldr	r3, .L11+24
 246 0078 1B68     		ldr	r3, [r3]
 247 007a 013B     		subs	r3, r3, #1
 248 007c 0C4A     		ldr	r2, .L11+24
 249 007e 1360     		str	r3, [r2]
  59:./Core/Src/button.c **** 					TimerforKeyPRESS1 = 100;			// Moi 1s nhan de thi RETURN button_flag 1 lan
 250              		.loc 1 59 27
 251 0080 0B4B     		ldr	r3, .L11+24
 252 0082 1B68     		ldr	r3, [r3]
  59:./Core/Src/button.c **** 					TimerforKeyPRESS1 = 100;			// Moi 1s nhan de thi RETURN button_flag 1 lan
 253              		.loc 1 59 8
 254 0084 002B     		cmp	r3, #0
 255 0086 05D1     		bne	.L10
  60:./Core/Src/button.c **** 					button1_flag = 1;
 256              		.loc 1 60 24
 257 0088 094B     		ldr	r3, .L11+24
 258 008a 6422     		movs	r2, #100
 259 008c 1A60     		str	r2, [r3]
  61:./Core/Src/button.c **** 				}
 260              		.loc 1 61 19
 261 008e 074B     		ldr	r3, .L11+20
 262 0090 0122     		movs	r2, #1
 263 0092 1A60     		str	r2, [r3]
 264              	.L10:
 265              		.loc 1 69 1
 266 0094 00BF     		nop
 267 0096 80BD     		pop	{r7, pc}
 268              	.L12:
 269              		.align	2
 270              	.L11:
 271 0098 00000000 		.word	KeyReg1_1
 272 009c 00000000 		.word	KeyReg0_1
 273 00a0 00000000 		.word	KeyReg2_1
 274 00a4 00080140 		.word	1073809408
 275 00a8 00000000 		.word	KeyReg3_1
 276 00ac 00000000 		.word	button1_flag
 277 00b0 00000000 		.word	TimerforKeyPRESS1
 278              		.cfi_endproc
 279              	.LFE66:
 281              		.global	KeyReg0_2
 282              		.section	.data.KeyReg0_2,"aw"
 283              		.align	2
 286              	KeyReg0_2:
 287 0000 01000000 		.word	1
 288              		.global	KeyReg1_2
 289              		.section	.data.KeyReg1_2,"aw"
 290              		.align	2
 293              	KeyReg1_2:
 294 0000 01000000 		.word	1
ARM GAS  C:\Users\ASUS\AppData\Local\Temp\cc0z1tIj.s 			page 7


 295              		.global	KeyReg2_2
 296              		.section	.data.KeyReg2_2,"aw"
 297              		.align	2
 300              	KeyReg2_2:
 301 0000 01000000 		.word	1
 302              		.global	KeyReg3_2
 303              		.section	.data.KeyReg3_2,"aw"
 304              		.align	2
 307              	KeyReg3_2:
 308 0000 01000000 		.word	1
 309              		.global	TimerforKeyPRESS2
 310              		.section	.data.TimerforKeyPRESS2,"aw"
 311              		.align	2
 314              	TimerforKeyPRESS2:
 315 0000 C8000000 		.word	200
 316              		.section	.text.isButton2Pressed,"ax",%progbits
 317              		.align	1
 318              		.global	isButton2Pressed
 319              		.syntax unified
 320              		.thumb
 321              		.thumb_func
 323              	isButton2Pressed:
 324              	.LFB67:
  70:./Core/Src/button.c **** 
  71:./Core/Src/button.c **** 
  72:./Core/Src/button.c **** 
  73:./Core/Src/button.c **** 
  74:./Core/Src/button.c **** ///////-------------------------------------------------------
  75:./Core/Src/button.c **** 
  76:./Core/Src/button.c **** 
  77:./Core/Src/button.c **** //KeyReg trong qua trinh rung
  78:./Core/Src/button.c **** int KeyReg0_2 = NORMAL_STATE;
  79:./Core/Src/button.c **** int KeyReg1_2 = NORMAL_STATE;
  80:./Core/Src/button.c **** int KeyReg2_2 = NORMAL_STATE;
  81:./Core/Src/button.c **** 
  82:./Core/Src/button.c **** //KeyReg cua qua trinh on dinh truoc day
  83:./Core/Src/button.c **** int KeyReg3_2 = NORMAL_STATE;
  84:./Core/Src/button.c **** 
  85:./Core/Src/button.c **** 
  86:./Core/Src/button.c **** //Thoi gian cua nhan de'
  87:./Core/Src/button.c **** int TimerforKeyPRESS2 = 200;
  88:./Core/Src/button.c **** 
  89:./Core/Src/button.c **** 
  90:./Core/Src/button.c **** int isButton2Pressed(){
 325              		.loc 1 90 23
 326              		.cfi_startproc
 327              		@ args = 0, pretend = 0, frame = 0
 328              		@ frame_needed = 1, uses_anonymous_args = 0
 329              		@ link register save eliminated.
 330 0000 80B4     		push	{r7}
 331              		.cfi_def_cfa_offset 4
 332              		.cfi_offset 7, -4
 333 0002 00AF     		add	r7, sp, #0
 334              		.cfi_def_cfa_register 7
  91:./Core/Src/button.c **** 	if (button2_flag == 1){
 335              		.loc 1 91 19
 336 0004 064B     		ldr	r3, .L16
ARM GAS  C:\Users\ASUS\AppData\Local\Temp\cc0z1tIj.s 			page 8


 337 0006 1B68     		ldr	r3, [r3]
 338              		.loc 1 91 5
 339 0008 012B     		cmp	r3, #1
 340 000a 04D1     		bne	.L14
  92:./Core/Src/button.c **** 		button2_flag = 0;
 341              		.loc 1 92 16
 342 000c 044B     		ldr	r3, .L16
 343 000e 0022     		movs	r2, #0
 344 0010 1A60     		str	r2, [r3]
  93:./Core/Src/button.c **** 		return 1;
 345              		.loc 1 93 10
 346 0012 0123     		movs	r3, #1
 347 0014 00E0     		b	.L15
 348              	.L14:
  94:./Core/Src/button.c **** 	}
  95:./Core/Src/button.c **** 	else return 0;
 349              		.loc 1 95 14
 350 0016 0023     		movs	r3, #0
 351              	.L15:
  96:./Core/Src/button.c **** }
 352              		.loc 1 96 1
 353 0018 1846     		mov	r0, r3
 354 001a BD46     		mov	sp, r7
 355              		.cfi_def_cfa_register 13
 356              		@ sp needed
 357 001c 80BC     		pop	{r7}
 358              		.cfi_restore 7
 359              		.cfi_def_cfa_offset 0
 360 001e 7047     		bx	lr
 361              	.L17:
 362              		.align	2
 363              	.L16:
 364 0020 00000000 		.word	button2_flag
 365              		.cfi_endproc
 366              	.LFE67:
 368              		.section	.text.getKeyInput2,"ax",%progbits
 369              		.align	1
 370              		.global	getKeyInput2
 371              		.syntax unified
 372              		.thumb
 373              		.thumb_func
 375              	getKeyInput2:
 376              	.LFB68:
  97:./Core/Src/button.c **** //
  98:./Core/Src/button.c **** void getKeyInput2(){
 377              		.loc 1 98 20
 378              		.cfi_startproc
 379              		@ args = 0, pretend = 0, frame = 0
 380              		@ frame_needed = 1, uses_anonymous_args = 0
 381 0000 80B5     		push	{r7, lr}
 382              		.cfi_def_cfa_offset 8
 383              		.cfi_offset 7, -8
 384              		.cfi_offset 14, -4
 385 0002 00AF     		add	r7, sp, #0
 386              		.cfi_def_cfa_register 7
  99:./Core/Src/button.c **** 	KeyReg0_2 = KeyReg1_2;
 387              		.loc 1 99 12
ARM GAS  C:\Users\ASUS\AppData\Local\Temp\cc0z1tIj.s 			page 9


 388 0004 244B     		ldr	r3, .L23
 389 0006 1B68     		ldr	r3, [r3]
 390 0008 244A     		ldr	r2, .L23+4
 391 000a 1360     		str	r3, [r2]
 100:./Core/Src/button.c **** 	KeyReg1_2 = KeyReg2_2;
 392              		.loc 1 100 12
 393 000c 244B     		ldr	r3, .L23+8
 394 000e 1B68     		ldr	r3, [r3]
 395 0010 214A     		ldr	r2, .L23
 396 0012 1360     		str	r3, [r2]
 101:./Core/Src/button.c **** 	KeyReg2_2 = HAL_GPIO_ReadPin(BUTTON2_GPIO_Port, BUTTON2_Pin);
 397              		.loc 1 101 14
 398 0014 1021     		movs	r1, #16
 399 0016 2348     		ldr	r0, .L23+12
 400 0018 FFF7FEFF 		bl	HAL_GPIO_ReadPin
 401 001c 0346     		mov	r3, r0
 402 001e 1A46     		mov	r2, r3
 403              		.loc 1 101 12
 404 0020 1F4B     		ldr	r3, .L23+8
 405 0022 1A60     		str	r2, [r3]
 102:./Core/Src/button.c **** 
 103:./Core/Src/button.c **** 
 104:./Core/Src/button.c **** 	if (KeyReg0_2 == KeyReg1_2 && KeyReg1_2 == KeyReg2_2){
 406              		.loc 1 104 16
 407 0024 1D4B     		ldr	r3, .L23+4
 408 0026 1A68     		ldr	r2, [r3]
 409 0028 1B4B     		ldr	r3, .L23
 410 002a 1B68     		ldr	r3, [r3]
 411              		.loc 1 104 5
 412 002c 9A42     		cmp	r2, r3
 413 002e 31D1     		bne	.L22
 414              		.loc 1 104 42 discriminator 1
 415 0030 194B     		ldr	r3, .L23
 416 0032 1A68     		ldr	r2, [r3]
 417 0034 1A4B     		ldr	r3, .L23+8
 418 0036 1B68     		ldr	r3, [r3]
 419              		.loc 1 104 29 discriminator 1
 420 0038 9A42     		cmp	r2, r3
 421 003a 2BD1     		bne	.L22
 105:./Core/Src/button.c **** 
 106:./Core/Src/button.c **** 		if (KeyReg2_2 != KeyReg3_2){					//Nhan doi trang thai
 422              		.loc 1 106 17
 423 003c 184B     		ldr	r3, .L23+8
 424 003e 1A68     		ldr	r2, [r3]
 425 0040 194B     		ldr	r3, .L23+16
 426 0042 1B68     		ldr	r3, [r3]
 427              		.loc 1 106 6
 428 0044 9A42     		cmp	r2, r3
 429 0046 12D0     		beq	.L20
 107:./Core/Src/button.c **** 			KeyReg3_2 = KeyReg2_2;
 430              		.loc 1 107 14
 431 0048 154B     		ldr	r3, .L23+8
 432 004a 1B68     		ldr	r3, [r3]
 433 004c 164A     		ldr	r2, .L23+16
 434 004e 1360     		str	r3, [r2]
 108:./Core/Src/button.c **** 			if (KeyReg2_2 == PRESSED_STATE){			//Neu dang nhan
 435              		.loc 1 108 18
ARM GAS  C:\Users\ASUS\AppData\Local\Temp\cc0z1tIj.s 			page 10


 436 0050 134B     		ldr	r3, .L23+8
 437 0052 1B68     		ldr	r3, [r3]
 438              		.loc 1 108 7
 439 0054 002B     		cmp	r3, #0
 440 0056 03D1     		bne	.L21
 109:./Core/Src/button.c **** 				button2_flag = 1;
 441              		.loc 1 109 18
 442 0058 144B     		ldr	r3, .L23+20
 443 005a 0122     		movs	r2, #1
 444 005c 1A60     		str	r2, [r3]
 110:./Core/Src/button.c **** 			}
 111:./Core/Src/button.c **** 			else{									//Luc truoc thi nhan, bay gio dang tha ra
 112:./Core/Src/button.c **** 				button2_flag = 0;
 113:./Core/Src/button.c **** 				TimerforKeyPRESS2 = 100;				//khi release thi RESET nhan de 1 giay
 114:./Core/Src/button.c **** 													//neu nhan lai trong 1 giay thi tinh la nhan de
 115:./Core/Src/button.c **** 			}
 116:./Core/Src/button.c **** 
 117:./Core/Src/button.c **** 		}
 118:./Core/Src/button.c **** 		else{										//Nhan de
 119:./Core/Src/button.c **** 			if(KeyReg2_2 == PRESSED_STATE){			// Neu dang nhan de
 120:./Core/Src/button.c **** 				TimerforKeyPRESS2--;
 121:./Core/Src/button.c **** 				if (TimerforKeyPRESS2 == 0){			// Nhan de thanh cong
 122:./Core/Src/button.c **** 					TimerforKeyPRESS2 = 50;			// Moi 1s nhan de thi RETURN button_flag 1 lan
 123:./Core/Src/button.c **** 					button2_flag = 1;
 124:./Core/Src/button.c **** 				}
 125:./Core/Src/button.c **** 			}
 126:./Core/Src/button.c **** 		}
 127:./Core/Src/button.c **** 
 128:./Core/Src/button.c **** 
 129:./Core/Src/button.c **** 	}
 130:./Core/Src/button.c **** 
 131:./Core/Src/button.c **** }
 445              		.loc 1 131 1
 446 005e 19E0     		b	.L22
 447              	.L21:
 112:./Core/Src/button.c **** 				TimerforKeyPRESS2 = 100;				//khi release thi RESET nhan de 1 giay
 448              		.loc 1 112 18
 449 0060 124B     		ldr	r3, .L23+20
 450 0062 0022     		movs	r2, #0
 451 0064 1A60     		str	r2, [r3]
 113:./Core/Src/button.c **** 													//neu nhan lai trong 1 giay thi tinh la nhan de
 452              		.loc 1 113 23
 453 0066 124B     		ldr	r3, .L23+24
 454 0068 6422     		movs	r2, #100
 455 006a 1A60     		str	r2, [r3]
 456              		.loc 1 131 1
 457 006c 12E0     		b	.L22
 458              	.L20:
 119:./Core/Src/button.c **** 				TimerforKeyPRESS2--;
 459              		.loc 1 119 17
 460 006e 0C4B     		ldr	r3, .L23+8
 461 0070 1B68     		ldr	r3, [r3]
 119:./Core/Src/button.c **** 				TimerforKeyPRESS2--;
 462              		.loc 1 119 6
 463 0072 002B     		cmp	r3, #0
 464 0074 0ED1     		bne	.L22
 120:./Core/Src/button.c **** 				if (TimerforKeyPRESS2 == 0){			// Nhan de thanh cong
ARM GAS  C:\Users\ASUS\AppData\Local\Temp\cc0z1tIj.s 			page 11


 465              		.loc 1 120 22
 466 0076 0E4B     		ldr	r3, .L23+24
 467 0078 1B68     		ldr	r3, [r3]
 468 007a 013B     		subs	r3, r3, #1
 469 007c 0C4A     		ldr	r2, .L23+24
 470 007e 1360     		str	r3, [r2]
 121:./Core/Src/button.c **** 					TimerforKeyPRESS2 = 50;			// Moi 1s nhan de thi RETURN button_flag 1 lan
 471              		.loc 1 121 27
 472 0080 0B4B     		ldr	r3, .L23+24
 473 0082 1B68     		ldr	r3, [r3]
 121:./Core/Src/button.c **** 					TimerforKeyPRESS2 = 50;			// Moi 1s nhan de thi RETURN button_flag 1 lan
 474              		.loc 1 121 8
 475 0084 002B     		cmp	r3, #0
 476 0086 05D1     		bne	.L22
 122:./Core/Src/button.c **** 					button2_flag = 1;
 477              		.loc 1 122 24
 478 0088 094B     		ldr	r3, .L23+24
 479 008a 3222     		movs	r2, #50
 480 008c 1A60     		str	r2, [r3]
 123:./Core/Src/button.c **** 				}
 481              		.loc 1 123 19
 482 008e 074B     		ldr	r3, .L23+20
 483 0090 0122     		movs	r2, #1
 484 0092 1A60     		str	r2, [r3]
 485              	.L22:
 486              		.loc 1 131 1
 487 0094 00BF     		nop
 488 0096 80BD     		pop	{r7, pc}
 489              	.L24:
 490              		.align	2
 491              	.L23:
 492 0098 00000000 		.word	KeyReg1_2
 493 009c 00000000 		.word	KeyReg0_2
 494 00a0 00000000 		.word	KeyReg2_2
 495 00a4 00080140 		.word	1073809408
 496 00a8 00000000 		.word	KeyReg3_2
 497 00ac 00000000 		.word	button2_flag
 498 00b0 00000000 		.word	TimerforKeyPRESS2
 499              		.cfi_endproc
 500              	.LFE68:
 502              		.global	KeyReg0_3
 503              		.section	.data.KeyReg0_3,"aw"
 504              		.align	2
 507              	KeyReg0_3:
 508 0000 01000000 		.word	1
 509              		.global	KeyReg1_3
 510              		.section	.data.KeyReg1_3,"aw"
 511              		.align	2
 514              	KeyReg1_3:
 515 0000 01000000 		.word	1
 516              		.global	KeyReg2_3
 517              		.section	.data.KeyReg2_3,"aw"
 518              		.align	2
 521              	KeyReg2_3:
 522 0000 01000000 		.word	1
 523              		.global	KeyReg3_3
 524              		.section	.data.KeyReg3_3,"aw"
ARM GAS  C:\Users\ASUS\AppData\Local\Temp\cc0z1tIj.s 			page 12


 525              		.align	2
 528              	KeyReg3_3:
 529 0000 01000000 		.word	1
 530              		.global	TimerforKeyPRESS3
 531              		.section	.data.TimerforKeyPRESS3,"aw"
 532              		.align	2
 535              	TimerforKeyPRESS3:
 536 0000 C8000000 		.word	200
 537              		.global	TimerforDBClick4
 538              		.section	.bss.TimerforDBClick4,"aw",%nobits
 539              		.align	2
 542              	TimerforDBClick4:
 543 0000 00000000 		.space	4
 544              		.section	.text.isButton3Pressed,"ax",%progbits
 545              		.align	1
 546              		.global	isButton3Pressed
 547              		.syntax unified
 548              		.thumb
 549              		.thumb_func
 551              	isButton3Pressed:
 552              	.LFB69:
 132:./Core/Src/button.c **** 
 133:./Core/Src/button.c **** 
 134:./Core/Src/button.c **** 
 135:./Core/Src/button.c **** 
 136:./Core/Src/button.c **** 
 137:./Core/Src/button.c **** 
 138:./Core/Src/button.c **** ///////////////////------------------------------
 139:./Core/Src/button.c **** 
 140:./Core/Src/button.c **** 
 141:./Core/Src/button.c **** 
 142:./Core/Src/button.c **** 
 143:./Core/Src/button.c **** 
 144:./Core/Src/button.c **** 
 145:./Core/Src/button.c **** 
 146:./Core/Src/button.c **** //KeyReg trong qua trinh rung
 147:./Core/Src/button.c **** int KeyReg0_3 = NORMAL_STATE;
 148:./Core/Src/button.c **** int KeyReg1_3 = NORMAL_STATE;
 149:./Core/Src/button.c **** int KeyReg2_3 = NORMAL_STATE;
 150:./Core/Src/button.c **** 
 151:./Core/Src/button.c **** //KeyReg cua qua trinh on dinh truoc day
 152:./Core/Src/button.c **** int KeyReg3_3 = NORMAL_STATE;
 153:./Core/Src/button.c **** 
 154:./Core/Src/button.c **** 
 155:./Core/Src/button.c **** //Thoi gian cua nhan de'
 156:./Core/Src/button.c **** int TimerforKeyPRESS3 = 200;
 157:./Core/Src/button.c **** int TimerforDBClick4 = 0;
 158:./Core/Src/button.c **** 
 159:./Core/Src/button.c **** 
 160:./Core/Src/button.c **** int isButton3Pressed(){
 553              		.loc 1 160 23
 554              		.cfi_startproc
 555              		@ args = 0, pretend = 0, frame = 0
 556              		@ frame_needed = 1, uses_anonymous_args = 0
 557              		@ link register save eliminated.
 558 0000 80B4     		push	{r7}
 559              		.cfi_def_cfa_offset 4
ARM GAS  C:\Users\ASUS\AppData\Local\Temp\cc0z1tIj.s 			page 13


 560              		.cfi_offset 7, -4
 561 0002 00AF     		add	r7, sp, #0
 562              		.cfi_def_cfa_register 7
 161:./Core/Src/button.c **** 	if (button3_flag == 1){
 563              		.loc 1 161 19
 564 0004 064B     		ldr	r3, .L28
 565 0006 1B68     		ldr	r3, [r3]
 566              		.loc 1 161 5
 567 0008 012B     		cmp	r3, #1
 568 000a 04D1     		bne	.L26
 162:./Core/Src/button.c **** 		button3_flag = 0;
 569              		.loc 1 162 16
 570 000c 044B     		ldr	r3, .L28
 571 000e 0022     		movs	r2, #0
 572 0010 1A60     		str	r2, [r3]
 163:./Core/Src/button.c **** 		return 1;
 573              		.loc 1 163 10
 574 0012 0123     		movs	r3, #1
 575 0014 00E0     		b	.L27
 576              	.L26:
 164:./Core/Src/button.c **** 	}
 165:./Core/Src/button.c **** 	else return 0;
 577              		.loc 1 165 14
 578 0016 0023     		movs	r3, #0
 579              	.L27:
 166:./Core/Src/button.c **** }
 580              		.loc 1 166 1
 581 0018 1846     		mov	r0, r3
 582 001a BD46     		mov	sp, r7
 583              		.cfi_def_cfa_register 13
 584              		@ sp needed
 585 001c 80BC     		pop	{r7}
 586              		.cfi_restore 7
 587              		.cfi_def_cfa_offset 0
 588 001e 7047     		bx	lr
 589              	.L29:
 590              		.align	2
 591              	.L28:
 592 0020 00000000 		.word	button3_flag
 593              		.cfi_endproc
 594              	.LFE69:
 596              		.section	.text.isButton3DoubleClick,"ax",%progbits
 597              		.align	1
 598              		.global	isButton3DoubleClick
 599              		.syntax unified
 600              		.thumb
 601              		.thumb_func
 603              	isButton3DoubleClick:
 604              	.LFB70:
 167:./Core/Src/button.c **** 
 168:./Core/Src/button.c **** 
 169:./Core/Src/button.c **** int isButton3DoubleClick(){
 605              		.loc 1 169 27
 606              		.cfi_startproc
 607              		@ args = 0, pretend = 0, frame = 0
 608              		@ frame_needed = 1, uses_anonymous_args = 0
 609              		@ link register save eliminated.
ARM GAS  C:\Users\ASUS\AppData\Local\Temp\cc0z1tIj.s 			page 14


 610 0000 80B4     		push	{r7}
 611              		.cfi_def_cfa_offset 4
 612              		.cfi_offset 7, -4
 613 0002 00AF     		add	r7, sp, #0
 614              		.cfi_def_cfa_register 7
 170:./Core/Src/button.c **** 	if (button3_dbclick == 1){
 615              		.loc 1 170 22
 616 0004 064B     		ldr	r3, .L33
 617 0006 1B68     		ldr	r3, [r3]
 618              		.loc 1 170 5
 619 0008 012B     		cmp	r3, #1
 620 000a 04D1     		bne	.L31
 171:./Core/Src/button.c **** 		button3_dbclick = 0;
 621              		.loc 1 171 19
 622 000c 044B     		ldr	r3, .L33
 623 000e 0022     		movs	r2, #0
 624 0010 1A60     		str	r2, [r3]
 172:./Core/Src/button.c **** 		return 1;
 625              		.loc 1 172 10
 626 0012 0123     		movs	r3, #1
 627 0014 00E0     		b	.L32
 628              	.L31:
 173:./Core/Src/button.c **** 	}
 174:./Core/Src/button.c **** 	else return 0;
 629              		.loc 1 174 14
 630 0016 0023     		movs	r3, #0
 631              	.L32:
 175:./Core/Src/button.c **** }
 632              		.loc 1 175 1
 633 0018 1846     		mov	r0, r3
 634 001a BD46     		mov	sp, r7
 635              		.cfi_def_cfa_register 13
 636              		@ sp needed
 637 001c 80BC     		pop	{r7}
 638              		.cfi_restore 7
 639              		.cfi_def_cfa_offset 0
 640 001e 7047     		bx	lr
 641              	.L34:
 642              		.align	2
 643              	.L33:
 644 0020 00000000 		.word	button3_dbclick
 645              		.cfi_endproc
 646              	.LFE70:
 648              		.section	.text.getKeyInput3,"ax",%progbits
 649              		.align	1
 650              		.global	getKeyInput3
 651              		.syntax unified
 652              		.thumb
 653              		.thumb_func
 655              	getKeyInput3:
 656              	.LFB71:
 176:./Core/Src/button.c **** 
 177:./Core/Src/button.c **** 
 178:./Core/Src/button.c **** //
 179:./Core/Src/button.c **** void getKeyInput3(){
 657              		.loc 1 179 20
 658              		.cfi_startproc
ARM GAS  C:\Users\ASUS\AppData\Local\Temp\cc0z1tIj.s 			page 15


 659              		@ args = 0, pretend = 0, frame = 0
 660              		@ frame_needed = 1, uses_anonymous_args = 0
 661 0000 80B5     		push	{r7, lr}
 662              		.cfi_def_cfa_offset 8
 663              		.cfi_offset 7, -8
 664              		.cfi_offset 14, -4
 665 0002 00AF     		add	r7, sp, #0
 666              		.cfi_def_cfa_register 7
 180:./Core/Src/button.c **** 	KeyReg0_3 = KeyReg1_3;
 667              		.loc 1 180 12
 668 0004 2C4B     		ldr	r3, .L41
 669 0006 1B68     		ldr	r3, [r3]
 670 0008 2C4A     		ldr	r2, .L41+4
 671 000a 1360     		str	r3, [r2]
 181:./Core/Src/button.c **** 	KeyReg1_3 = KeyReg2_3;
 672              		.loc 1 181 12
 673 000c 2C4B     		ldr	r3, .L41+8
 674 000e 1B68     		ldr	r3, [r3]
 675 0010 294A     		ldr	r2, .L41
 676 0012 1360     		str	r3, [r2]
 182:./Core/Src/button.c **** 	KeyReg2_3 = HAL_GPIO_ReadPin(BUTTON3_GPIO_Port, BUTTON3_Pin);
 677              		.loc 1 182 14
 678 0014 0121     		movs	r1, #1
 679 0016 2B48     		ldr	r0, .L41+12
 680 0018 FFF7FEFF 		bl	HAL_GPIO_ReadPin
 681 001c 0346     		mov	r3, r0
 682 001e 1A46     		mov	r2, r3
 683              		.loc 1 182 12
 684 0020 274B     		ldr	r3, .L41+8
 685 0022 1A60     		str	r2, [r3]
 183:./Core/Src/button.c **** 
 184:./Core/Src/button.c **** 
 185:./Core/Src/button.c **** 	if (KeyReg0_3 == KeyReg1_3 && KeyReg1_3 == KeyReg2_3){
 686              		.loc 1 185 16
 687 0024 254B     		ldr	r3, .L41+4
 688 0026 1A68     		ldr	r2, [r3]
 689 0028 234B     		ldr	r3, .L41
 690 002a 1B68     		ldr	r3, [r3]
 691              		.loc 1 185 5
 692 002c 9A42     		cmp	r2, r3
 693 002e 41D1     		bne	.L40
 694              		.loc 1 185 42 discriminator 1
 695 0030 214B     		ldr	r3, .L41
 696 0032 1A68     		ldr	r2, [r3]
 697 0034 224B     		ldr	r3, .L41+8
 698 0036 1B68     		ldr	r3, [r3]
 699              		.loc 1 185 29 discriminator 1
 700 0038 9A42     		cmp	r2, r3
 701 003a 3BD1     		bne	.L40
 186:./Core/Src/button.c **** 
 187:./Core/Src/button.c **** 		if (KeyReg2_3 != KeyReg3_3){					//Nhan doi trang thai
 702              		.loc 1 187 17
 703 003c 204B     		ldr	r3, .L41+8
 704 003e 1A68     		ldr	r2, [r3]
 705 0040 214B     		ldr	r3, .L41+16
 706 0042 1B68     		ldr	r3, [r3]
 707              		.loc 1 187 6
ARM GAS  C:\Users\ASUS\AppData\Local\Temp\cc0z1tIj.s 			page 16


 708 0044 9A42     		cmp	r2, r3
 709 0046 1CD0     		beq	.L37
 188:./Core/Src/button.c **** 			KeyReg3_3 = KeyReg2_3;
 710              		.loc 1 188 14
 711 0048 1D4B     		ldr	r3, .L41+8
 712 004a 1B68     		ldr	r3, [r3]
 713 004c 1E4A     		ldr	r2, .L41+16
 714 004e 1360     		str	r3, [r2]
 189:./Core/Src/button.c **** 			if (KeyReg2_3 == PRESSED_STATE){			//Neu dang nhan
 715              		.loc 1 189 18
 716 0050 1B4B     		ldr	r3, .L41+8
 717 0052 1B68     		ldr	r3, [r3]
 718              		.loc 1 189 7
 719 0054 002B     		cmp	r3, #0
 720 0056 0AD1     		bne	.L38
 190:./Core/Src/button.c **** 				button3_flag = 1;
 721              		.loc 1 190 18
 722 0058 1C4B     		ldr	r3, .L41+20
 723 005a 0122     		movs	r2, #1
 724 005c 1A60     		str	r2, [r3]
 191:./Core/Src/button.c **** 				if (TimerforDBClick4 > 0){
 725              		.loc 1 191 26
 726 005e 1C4B     		ldr	r3, .L41+24
 727 0060 1B68     		ldr	r3, [r3]
 728              		.loc 1 191 8
 729 0062 002B     		cmp	r3, #0
 730 0064 26DD     		ble	.L40
 192:./Core/Src/button.c **** 					button3_dbclick = 1;
 731              		.loc 1 192 22
 732 0066 1B4B     		ldr	r3, .L41+28
 733 0068 0122     		movs	r2, #1
 734 006a 1A60     		str	r2, [r3]
 193:./Core/Src/button.c **** 				}
 194:./Core/Src/button.c **** 			}
 195:./Core/Src/button.c **** 			else{									//Luc truoc thi nhan, bay gio dang tha ra
 196:./Core/Src/button.c **** 				button3_flag = 0;
 197:./Core/Src/button.c **** 				TimerforKeyPRESS3 = 100;				//khi release thi RESET nhan de 1 giay, neu nhan lai trong 1 giay t
 198:./Core/Src/button.c **** 				TimerforDBClick4 = 40;					// settimer double click 400ms.
 199:./Core/Src/button.c **** 			}
 200:./Core/Src/button.c **** 
 201:./Core/Src/button.c **** 		}
 202:./Core/Src/button.c **** 		else{										//Nhan de
 203:./Core/Src/button.c **** 			if(KeyReg2_3 == PRESSED_STATE){			// Neu dang nhan de
 204:./Core/Src/button.c **** 				TimerforKeyPRESS3--;
 205:./Core/Src/button.c **** 				if (TimerforKeyPRESS3 == 0){			// Nhan de thanh cong
 206:./Core/Src/button.c **** 					TimerforKeyPRESS3 = 50;			// Moi 1s nhan de thi RETURN button_flag 1 lan
 207:./Core/Src/button.c **** 					button3_flag = 1;
 208:./Core/Src/button.c **** 				}
 209:./Core/Src/button.c **** 			}
 210:./Core/Src/button.c **** 			else TimerforDBClick4--;				//Releasing , khong lam gi ca
 211:./Core/Src/button.c **** 		}
 212:./Core/Src/button.c **** 
 213:./Core/Src/button.c **** 
 214:./Core/Src/button.c **** 	}
 215:./Core/Src/button.c **** 
 216:./Core/Src/button.c **** }
 735              		.loc 1 216 1
ARM GAS  C:\Users\ASUS\AppData\Local\Temp\cc0z1tIj.s 			page 17


 736 006c 22E0     		b	.L40
 737              	.L38:
 196:./Core/Src/button.c **** 				TimerforKeyPRESS3 = 100;				//khi release thi RESET nhan de 1 giay, neu nhan lai trong 1 giay t
 738              		.loc 1 196 18
 739 006e 174B     		ldr	r3, .L41+20
 740 0070 0022     		movs	r2, #0
 741 0072 1A60     		str	r2, [r3]
 197:./Core/Src/button.c **** 				TimerforDBClick4 = 40;					// settimer double click 400ms.
 742              		.loc 1 197 23
 743 0074 184B     		ldr	r3, .L41+32
 744 0076 6422     		movs	r2, #100
 745 0078 1A60     		str	r2, [r3]
 198:./Core/Src/button.c **** 			}
 746              		.loc 1 198 22
 747 007a 154B     		ldr	r3, .L41+24
 748 007c 2822     		movs	r2, #40
 749 007e 1A60     		str	r2, [r3]
 750              		.loc 1 216 1
 751 0080 18E0     		b	.L40
 752              	.L37:
 203:./Core/Src/button.c **** 				TimerforKeyPRESS3--;
 753              		.loc 1 203 17
 754 0082 0F4B     		ldr	r3, .L41+8
 755 0084 1B68     		ldr	r3, [r3]
 203:./Core/Src/button.c **** 				TimerforKeyPRESS3--;
 756              		.loc 1 203 6
 757 0086 002B     		cmp	r3, #0
 758 0088 0FD1     		bne	.L39
 204:./Core/Src/button.c **** 				if (TimerforKeyPRESS3 == 0){			// Nhan de thanh cong
 759              		.loc 1 204 22
 760 008a 134B     		ldr	r3, .L41+32
 761 008c 1B68     		ldr	r3, [r3]
 762 008e 013B     		subs	r3, r3, #1
 763 0090 114A     		ldr	r2, .L41+32
 764 0092 1360     		str	r3, [r2]
 205:./Core/Src/button.c **** 					TimerforKeyPRESS3 = 50;			// Moi 1s nhan de thi RETURN button_flag 1 lan
 765              		.loc 1 205 27
 766 0094 104B     		ldr	r3, .L41+32
 767 0096 1B68     		ldr	r3, [r3]
 205:./Core/Src/button.c **** 					TimerforKeyPRESS3 = 50;			// Moi 1s nhan de thi RETURN button_flag 1 lan
 768              		.loc 1 205 8
 769 0098 002B     		cmp	r3, #0
 770 009a 0BD1     		bne	.L40
 206:./Core/Src/button.c **** 					button3_flag = 1;
 771              		.loc 1 206 24
 772 009c 0E4B     		ldr	r3, .L41+32
 773 009e 3222     		movs	r2, #50
 774 00a0 1A60     		str	r2, [r3]
 207:./Core/Src/button.c **** 				}
 775              		.loc 1 207 19
 776 00a2 0A4B     		ldr	r3, .L41+20
 777 00a4 0122     		movs	r2, #1
 778 00a6 1A60     		str	r2, [r3]
 779              		.loc 1 216 1
 780 00a8 04E0     		b	.L40
 781              	.L39:
 210:./Core/Src/button.c **** 		}
ARM GAS  C:\Users\ASUS\AppData\Local\Temp\cc0z1tIj.s 			page 18


 782              		.loc 1 210 25
 783 00aa 094B     		ldr	r3, .L41+24
 784 00ac 1B68     		ldr	r3, [r3]
 785 00ae 013B     		subs	r3, r3, #1
 786 00b0 074A     		ldr	r2, .L41+24
 787 00b2 1360     		str	r3, [r2]
 788              	.L40:
 789              		.loc 1 216 1
 790 00b4 00BF     		nop
 791 00b6 80BD     		pop	{r7, pc}
 792              	.L42:
 793              		.align	2
 794              	.L41:
 795 00b8 00000000 		.word	KeyReg1_3
 796 00bc 00000000 		.word	KeyReg0_3
 797 00c0 00000000 		.word	KeyReg2_3
 798 00c4 000C0140 		.word	1073810432
 799 00c8 00000000 		.word	KeyReg3_3
 800 00cc 00000000 		.word	button3_flag
 801 00d0 00000000 		.word	TimerforDBClick4
 802 00d4 00000000 		.word	button3_dbclick
 803 00d8 00000000 		.word	TimerforKeyPRESS3
 804              		.cfi_endproc
 805              	.LFE71:
 807              		.global	KeyReg0_4
 808              		.section	.data.KeyReg0_4,"aw"
 809              		.align	2
 812              	KeyReg0_4:
 813 0000 01000000 		.word	1
 814              		.global	KeyReg1_4
 815              		.section	.data.KeyReg1_4,"aw"
 816              		.align	2
 819              	KeyReg1_4:
 820 0000 01000000 		.word	1
 821              		.global	KeyReg2_4
 822              		.section	.data.KeyReg2_4,"aw"
 823              		.align	2
 826              	KeyReg2_4:
 827 0000 01000000 		.word	1
 828              		.global	KeyReg3_4
 829              		.section	.data.KeyReg3_4,"aw"
 830              		.align	2
 833              	KeyReg3_4:
 834 0000 01000000 		.word	1
 835              		.global	TimerforKeyPRESS4
 836              		.section	.data.TimerforKeyPRESS4,"aw"
 837              		.align	2
 840              	TimerforKeyPRESS4:
 841 0000 C8000000 		.word	200
 842              		.section	.text.isButton4Pressed,"ax",%progbits
 843              		.align	1
 844              		.global	isButton4Pressed
 845              		.syntax unified
 846              		.thumb
 847              		.thumb_func
 849              	isButton4Pressed:
 850              	.LFB72:
ARM GAS  C:\Users\ASUS\AppData\Local\Temp\cc0z1tIj.s 			page 19


 217:./Core/Src/button.c **** 
 218:./Core/Src/button.c **** 
 219:./Core/Src/button.c **** 
 220:./Core/Src/button.c **** 
 221:./Core/Src/button.c **** 
 222:./Core/Src/button.c **** //USER BUTTON
 223:./Core/Src/button.c **** //KeyReg trong qua trinh rung
 224:./Core/Src/button.c **** int KeyReg0_4 = NORMAL_STATE;
 225:./Core/Src/button.c **** int KeyReg1_4 = NORMAL_STATE;
 226:./Core/Src/button.c **** int KeyReg2_4 = NORMAL_STATE;
 227:./Core/Src/button.c **** 
 228:./Core/Src/button.c **** //KeyReg cua qua trinh on dinh truoc day
 229:./Core/Src/button.c **** int KeyReg3_4 = NORMAL_STATE;
 230:./Core/Src/button.c **** 
 231:./Core/Src/button.c **** //Thoi gian cua nhan de'
 232:./Core/Src/button.c **** int TimerforKeyPRESS4 = 200;
 233:./Core/Src/button.c **** 
 234:./Core/Src/button.c **** int isButton4Pressed(){
 851              		.loc 1 234 23
 852              		.cfi_startproc
 853              		@ args = 0, pretend = 0, frame = 0
 854              		@ frame_needed = 1, uses_anonymous_args = 0
 855              		@ link register save eliminated.
 856 0000 80B4     		push	{r7}
 857              		.cfi_def_cfa_offset 4
 858              		.cfi_offset 7, -4
 859 0002 00AF     		add	r7, sp, #0
 860              		.cfi_def_cfa_register 7
 235:./Core/Src/button.c **** 	if (button4_flag == 1){
 861              		.loc 1 235 19
 862 0004 064B     		ldr	r3, .L46
 863 0006 1B68     		ldr	r3, [r3]
 864              		.loc 1 235 5
 865 0008 012B     		cmp	r3, #1
 866 000a 04D1     		bne	.L44
 236:./Core/Src/button.c **** 		button4_flag = 0;
 867              		.loc 1 236 16
 868 000c 044B     		ldr	r3, .L46
 869 000e 0022     		movs	r2, #0
 870 0010 1A60     		str	r2, [r3]
 237:./Core/Src/button.c **** 		return 1;
 871              		.loc 1 237 10
 872 0012 0123     		movs	r3, #1
 873 0014 00E0     		b	.L45
 874              	.L44:
 238:./Core/Src/button.c **** 	}
 239:./Core/Src/button.c **** 	else return 0;
 875              		.loc 1 239 14
 876 0016 0023     		movs	r3, #0
 877              	.L45:
 240:./Core/Src/button.c **** }
 878              		.loc 1 240 1
 879 0018 1846     		mov	r0, r3
 880 001a BD46     		mov	sp, r7
 881              		.cfi_def_cfa_register 13
 882              		@ sp needed
 883 001c 80BC     		pop	{r7}
ARM GAS  C:\Users\ASUS\AppData\Local\Temp\cc0z1tIj.s 			page 20


 884              		.cfi_restore 7
 885              		.cfi_def_cfa_offset 0
 886 001e 7047     		bx	lr
 887              	.L47:
 888              		.align	2
 889              	.L46:
 890 0020 00000000 		.word	button4_flag
 891              		.cfi_endproc
 892              	.LFE72:
 894              		.section	.text.getKeyInput4,"ax",%progbits
 895              		.align	1
 896              		.global	getKeyInput4
 897              		.syntax unified
 898              		.thumb
 899              		.thumb_func
 901              	getKeyInput4:
 902              	.LFB73:
 241:./Core/Src/button.c **** 
 242:./Core/Src/button.c **** 
 243:./Core/Src/button.c **** //
 244:./Core/Src/button.c **** void getKeyInput4(){
 903              		.loc 1 244 20
 904              		.cfi_startproc
 905              		@ args = 0, pretend = 0, frame = 0
 906              		@ frame_needed = 1, uses_anonymous_args = 0
 907 0000 80B5     		push	{r7, lr}
 908              		.cfi_def_cfa_offset 8
 909              		.cfi_offset 7, -8
 910              		.cfi_offset 14, -4
 911 0002 00AF     		add	r7, sp, #0
 912              		.cfi_def_cfa_register 7
 245:./Core/Src/button.c **** 	KeyReg0_4 = KeyReg1_4;
 913              		.loc 1 245 12
 914 0004 244B     		ldr	r3, .L53
 915 0006 1B68     		ldr	r3, [r3]
 916 0008 244A     		ldr	r2, .L53+4
 917 000a 1360     		str	r3, [r2]
 246:./Core/Src/button.c **** 	KeyReg1_4 = KeyReg2_4;
 918              		.loc 1 246 12
 919 000c 244B     		ldr	r3, .L53+8
 920 000e 1B68     		ldr	r3, [r3]
 921 0010 214A     		ldr	r2, .L53
 922 0012 1360     		str	r3, [r2]
 247:./Core/Src/button.c **** 	//KeyReg2_4 = HAL_GPIO_ReadPin(BUTTONUSER_GPIO_Port,BUTTONUSER_Pin);
 248:./Core/Src/button.c **** 	KeyReg2_4 = HAL_GPIO_ReadPin(BUTTONUSER_GPIO_Port,BUTTONUSER_Pin);
 923              		.loc 1 248 14
 924 0014 0121     		movs	r1, #1
 925 0016 2348     		ldr	r0, .L53+12
 926 0018 FFF7FEFF 		bl	HAL_GPIO_ReadPin
 927 001c 0346     		mov	r3, r0
 928 001e 1A46     		mov	r2, r3
 929              		.loc 1 248 12
 930 0020 1F4B     		ldr	r3, .L53+8
 931 0022 1A60     		str	r2, [r3]
 249:./Core/Src/button.c **** 
 250:./Core/Src/button.c **** 
 251:./Core/Src/button.c **** 	if (KeyReg0_4 == KeyReg1_4 && KeyReg1_4 == KeyReg2_4){
ARM GAS  C:\Users\ASUS\AppData\Local\Temp\cc0z1tIj.s 			page 21


 932              		.loc 1 251 16
 933 0024 1D4B     		ldr	r3, .L53+4
 934 0026 1A68     		ldr	r2, [r3]
 935 0028 1B4B     		ldr	r3, .L53
 936 002a 1B68     		ldr	r3, [r3]
 937              		.loc 1 251 5
 938 002c 9A42     		cmp	r2, r3
 939 002e 31D1     		bne	.L52
 940              		.loc 1 251 42 discriminator 1
 941 0030 194B     		ldr	r3, .L53
 942 0032 1A68     		ldr	r2, [r3]
 943 0034 1A4B     		ldr	r3, .L53+8
 944 0036 1B68     		ldr	r3, [r3]
 945              		.loc 1 251 29 discriminator 1
 946 0038 9A42     		cmp	r2, r3
 947 003a 2BD1     		bne	.L52
 252:./Core/Src/button.c **** 
 253:./Core/Src/button.c **** 		if (KeyReg2_4 != KeyReg3_4){					//Nhan doi trang thai
 948              		.loc 1 253 17
 949 003c 184B     		ldr	r3, .L53+8
 950 003e 1A68     		ldr	r2, [r3]
 951 0040 194B     		ldr	r3, .L53+16
 952 0042 1B68     		ldr	r3, [r3]
 953              		.loc 1 253 6
 954 0044 9A42     		cmp	r2, r3
 955 0046 12D0     		beq	.L50
 254:./Core/Src/button.c **** 			KeyReg3_4 = KeyReg2_4;
 956              		.loc 1 254 14
 957 0048 154B     		ldr	r3, .L53+8
 958 004a 1B68     		ldr	r3, [r3]
 959 004c 164A     		ldr	r2, .L53+16
 960 004e 1360     		str	r3, [r2]
 255:./Core/Src/button.c **** 			if (KeyReg2_4 == PRESSED_STATE){			//Neu dang nhan
 961              		.loc 1 255 18
 962 0050 134B     		ldr	r3, .L53+8
 963 0052 1B68     		ldr	r3, [r3]
 964              		.loc 1 255 7
 965 0054 002B     		cmp	r3, #0
 966 0056 03D1     		bne	.L51
 256:./Core/Src/button.c **** 				button4_flag = 1;
 967              		.loc 1 256 18
 968 0058 144B     		ldr	r3, .L53+20
 969 005a 0122     		movs	r2, #1
 970 005c 1A60     		str	r2, [r3]
 257:./Core/Src/button.c **** 			}
 258:./Core/Src/button.c **** 			else{									//Luc truoc thi nhan, bay gio dang tha ra
 259:./Core/Src/button.c **** 				button4_flag = 0;
 260:./Core/Src/button.c **** 				TimerforKeyPRESS4 = 100;				//khi release thi RESET nhan de 1 giay
 261:./Core/Src/button.c **** 														//neu nhan lai trong 1 giay thi tinh la nhan de
 262:./Core/Src/button.c **** 			}
 263:./Core/Src/button.c **** 
 264:./Core/Src/button.c **** 		}
 265:./Core/Src/button.c **** 		else{										//Nhan de
 266:./Core/Src/button.c **** 			if(KeyReg2_4 == PRESSED_STATE){			// Neu dang nhan de
 267:./Core/Src/button.c **** 				TimerforKeyPRESS4--;
 268:./Core/Src/button.c **** 				if (TimerforKeyPRESS4 == 0){			// Nhan de thanh cong
 269:./Core/Src/button.c **** 					TimerforKeyPRESS4 = 50;			// Moi 1s nhan de thi RETURN button_flag 1 lan
ARM GAS  C:\Users\ASUS\AppData\Local\Temp\cc0z1tIj.s 			page 22


 270:./Core/Src/button.c **** 					button4_flag = 1;
 271:./Core/Src/button.c **** 				}
 272:./Core/Src/button.c **** 			}
 273:./Core/Src/button.c **** 		}
 274:./Core/Src/button.c **** 
 275:./Core/Src/button.c **** 
 276:./Core/Src/button.c **** 	}
 277:./Core/Src/button.c **** 
 278:./Core/Src/button.c **** }
 971              		.loc 1 278 1
 972 005e 19E0     		b	.L52
 973              	.L51:
 259:./Core/Src/button.c **** 				TimerforKeyPRESS4 = 100;				//khi release thi RESET nhan de 1 giay
 974              		.loc 1 259 18
 975 0060 124B     		ldr	r3, .L53+20
 976 0062 0022     		movs	r2, #0
 977 0064 1A60     		str	r2, [r3]
 260:./Core/Src/button.c **** 														//neu nhan lai trong 1 giay thi tinh la nhan de
 978              		.loc 1 260 23
 979 0066 124B     		ldr	r3, .L53+24
 980 0068 6422     		movs	r2, #100
 981 006a 1A60     		str	r2, [r3]
 982              		.loc 1 278 1
 983 006c 12E0     		b	.L52
 984              	.L50:
 266:./Core/Src/button.c **** 				TimerforKeyPRESS4--;
 985              		.loc 1 266 17
 986 006e 0C4B     		ldr	r3, .L53+8
 987 0070 1B68     		ldr	r3, [r3]
 266:./Core/Src/button.c **** 				TimerforKeyPRESS4--;
 988              		.loc 1 266 6
 989 0072 002B     		cmp	r3, #0
 990 0074 0ED1     		bne	.L52
 267:./Core/Src/button.c **** 				if (TimerforKeyPRESS4 == 0){			// Nhan de thanh cong
 991              		.loc 1 267 22
 992 0076 0E4B     		ldr	r3, .L53+24
 993 0078 1B68     		ldr	r3, [r3]
 994 007a 013B     		subs	r3, r3, #1
 995 007c 0C4A     		ldr	r2, .L53+24
 996 007e 1360     		str	r3, [r2]
 268:./Core/Src/button.c **** 					TimerforKeyPRESS4 = 50;			// Moi 1s nhan de thi RETURN button_flag 1 lan
 997              		.loc 1 268 27
 998 0080 0B4B     		ldr	r3, .L53+24
 999 0082 1B68     		ldr	r3, [r3]
 268:./Core/Src/button.c **** 					TimerforKeyPRESS4 = 50;			// Moi 1s nhan de thi RETURN button_flag 1 lan
 1000              		.loc 1 268 8
 1001 0084 002B     		cmp	r3, #0
 1002 0086 05D1     		bne	.L52
 269:./Core/Src/button.c **** 					button4_flag = 1;
 1003              		.loc 1 269 24
 1004 0088 094B     		ldr	r3, .L53+24
 1005 008a 3222     		movs	r2, #50
 1006 008c 1A60     		str	r2, [r3]
 270:./Core/Src/button.c **** 				}
 1007              		.loc 1 270 19
 1008 008e 074B     		ldr	r3, .L53+20
 1009 0090 0122     		movs	r2, #1
ARM GAS  C:\Users\ASUS\AppData\Local\Temp\cc0z1tIj.s 			page 23


 1010 0092 1A60     		str	r2, [r3]
 1011              	.L52:
 1012              		.loc 1 278 1
 1013 0094 00BF     		nop
 1014 0096 80BD     		pop	{r7, pc}
 1015              	.L54:
 1016              		.align	2
 1017              	.L53:
 1018 0098 00000000 		.word	KeyReg1_4
 1019 009c 00000000 		.word	KeyReg0_4
 1020 00a0 00000000 		.word	KeyReg2_4
 1021 00a4 00080140 		.word	1073809408
 1022 00a8 00000000 		.word	KeyReg3_4
 1023 00ac 00000000 		.word	button4_flag
 1024 00b0 00000000 		.word	TimerforKeyPRESS4
 1025              		.cfi_endproc
 1026              	.LFE73:
 1028              		.text
 1029              	.Letext0:
 1030              		.file 2 "c:\\st\\stm32cubeide_1.7.0\\stm32cubeide\\plugins\\com.st.stm32cube.ide.mcu.externaltools
 1031              		.file 3 "c:\\st\\stm32cubeide_1.7.0\\stm32cubeide\\plugins\\com.st.stm32cube.ide.mcu.externaltools
 1032              		.file 4 "Drivers/CMSIS/Device/ST/STM32F1xx/Include/stm32f103xb.h"
 1033              		.file 5 "Drivers/STM32F1xx_HAL_Driver/Inc/stm32f1xx_hal_gpio.h"
 1034              		.file 6 "Core/Inc/button.h"
ARM GAS  C:\Users\ASUS\AppData\Local\Temp\cc0z1tIj.s 			page 24


DEFINED SYMBOLS
                            *ABS*:0000000000000000 button.c
C:\Users\ASUS\AppData\Local\Temp\cc0z1tIj.s:22     .bss.button1_flag:0000000000000000 button1_flag
C:\Users\ASUS\AppData\Local\Temp\cc0z1tIj.s:19     .bss.button1_flag:0000000000000000 $d
C:\Users\ASUS\AppData\Local\Temp\cc0z1tIj.s:29     .bss.button2_flag:0000000000000000 button2_flag
C:\Users\ASUS\AppData\Local\Temp\cc0z1tIj.s:26     .bss.button2_flag:0000000000000000 $d
C:\Users\ASUS\AppData\Local\Temp\cc0z1tIj.s:36     .bss.button3_flag:0000000000000000 button3_flag
C:\Users\ASUS\AppData\Local\Temp\cc0z1tIj.s:33     .bss.button3_flag:0000000000000000 $d
C:\Users\ASUS\AppData\Local\Temp\cc0z1tIj.s:43     .bss.button3_dbclick:0000000000000000 button3_dbclick
C:\Users\ASUS\AppData\Local\Temp\cc0z1tIj.s:40     .bss.button3_dbclick:0000000000000000 $d
C:\Users\ASUS\AppData\Local\Temp\cc0z1tIj.s:50     .bss.button4_flag:0000000000000000 button4_flag
C:\Users\ASUS\AppData\Local\Temp\cc0z1tIj.s:47     .bss.button4_flag:0000000000000000 $d
C:\Users\ASUS\AppData\Local\Temp\cc0z1tIj.s:57     .bss.button5_flag:0000000000000000 button5_flag
C:\Users\ASUS\AppData\Local\Temp\cc0z1tIj.s:54     .bss.button5_flag:0000000000000000 $d
C:\Users\ASUS\AppData\Local\Temp\cc0z1tIj.s:64     .data.KeyReg0_1:0000000000000000 KeyReg0_1
C:\Users\ASUS\AppData\Local\Temp\cc0z1tIj.s:61     .data.KeyReg0_1:0000000000000000 $d
C:\Users\ASUS\AppData\Local\Temp\cc0z1tIj.s:71     .data.KeyReg1_1:0000000000000000 KeyReg1_1
C:\Users\ASUS\AppData\Local\Temp\cc0z1tIj.s:68     .data.KeyReg1_1:0000000000000000 $d
C:\Users\ASUS\AppData\Local\Temp\cc0z1tIj.s:78     .data.KeyReg2_1:0000000000000000 KeyReg2_1
C:\Users\ASUS\AppData\Local\Temp\cc0z1tIj.s:75     .data.KeyReg2_1:0000000000000000 $d
C:\Users\ASUS\AppData\Local\Temp\cc0z1tIj.s:85     .data.KeyReg3_1:0000000000000000 KeyReg3_1
C:\Users\ASUS\AppData\Local\Temp\cc0z1tIj.s:82     .data.KeyReg3_1:0000000000000000 $d
C:\Users\ASUS\AppData\Local\Temp\cc0z1tIj.s:92     .data.TimerforKeyPRESS1:0000000000000000 TimerforKeyPRESS1
C:\Users\ASUS\AppData\Local\Temp\cc0z1tIj.s:89     .data.TimerforKeyPRESS1:0000000000000000 $d
C:\Users\ASUS\AppData\Local\Temp\cc0z1tIj.s:95     .text.isButton1Pressed:0000000000000000 $t
C:\Users\ASUS\AppData\Local\Temp\cc0z1tIj.s:101    .text.isButton1Pressed:0000000000000000 isButton1Pressed
C:\Users\ASUS\AppData\Local\Temp\cc0z1tIj.s:143    .text.isButton1Pressed:0000000000000020 $d
C:\Users\ASUS\AppData\Local\Temp\cc0z1tIj.s:148    .text.getKeyInput1:0000000000000000 $t
C:\Users\ASUS\AppData\Local\Temp\cc0z1tIj.s:154    .text.getKeyInput1:0000000000000000 getKeyInput1
C:\Users\ASUS\AppData\Local\Temp\cc0z1tIj.s:271    .text.getKeyInput1:0000000000000098 $d
C:\Users\ASUS\AppData\Local\Temp\cc0z1tIj.s:286    .data.KeyReg0_2:0000000000000000 KeyReg0_2
C:\Users\ASUS\AppData\Local\Temp\cc0z1tIj.s:283    .data.KeyReg0_2:0000000000000000 $d
C:\Users\ASUS\AppData\Local\Temp\cc0z1tIj.s:293    .data.KeyReg1_2:0000000000000000 KeyReg1_2
C:\Users\ASUS\AppData\Local\Temp\cc0z1tIj.s:290    .data.KeyReg1_2:0000000000000000 $d
C:\Users\ASUS\AppData\Local\Temp\cc0z1tIj.s:300    .data.KeyReg2_2:0000000000000000 KeyReg2_2
C:\Users\ASUS\AppData\Local\Temp\cc0z1tIj.s:297    .data.KeyReg2_2:0000000000000000 $d
C:\Users\ASUS\AppData\Local\Temp\cc0z1tIj.s:307    .data.KeyReg3_2:0000000000000000 KeyReg3_2
C:\Users\ASUS\AppData\Local\Temp\cc0z1tIj.s:304    .data.KeyReg3_2:0000000000000000 $d
C:\Users\ASUS\AppData\Local\Temp\cc0z1tIj.s:314    .data.TimerforKeyPRESS2:0000000000000000 TimerforKeyPRESS2
C:\Users\ASUS\AppData\Local\Temp\cc0z1tIj.s:311    .data.TimerforKeyPRESS2:0000000000000000 $d
C:\Users\ASUS\AppData\Local\Temp\cc0z1tIj.s:317    .text.isButton2Pressed:0000000000000000 $t
C:\Users\ASUS\AppData\Local\Temp\cc0z1tIj.s:323    .text.isButton2Pressed:0000000000000000 isButton2Pressed
C:\Users\ASUS\AppData\Local\Temp\cc0z1tIj.s:364    .text.isButton2Pressed:0000000000000020 $d
C:\Users\ASUS\AppData\Local\Temp\cc0z1tIj.s:369    .text.getKeyInput2:0000000000000000 $t
C:\Users\ASUS\AppData\Local\Temp\cc0z1tIj.s:375    .text.getKeyInput2:0000000000000000 getKeyInput2
C:\Users\ASUS\AppData\Local\Temp\cc0z1tIj.s:492    .text.getKeyInput2:0000000000000098 $d
C:\Users\ASUS\AppData\Local\Temp\cc0z1tIj.s:507    .data.KeyReg0_3:0000000000000000 KeyReg0_3
C:\Users\ASUS\AppData\Local\Temp\cc0z1tIj.s:504    .data.KeyReg0_3:0000000000000000 $d
C:\Users\ASUS\AppData\Local\Temp\cc0z1tIj.s:514    .data.KeyReg1_3:0000000000000000 KeyReg1_3
C:\Users\ASUS\AppData\Local\Temp\cc0z1tIj.s:511    .data.KeyReg1_3:0000000000000000 $d
C:\Users\ASUS\AppData\Local\Temp\cc0z1tIj.s:521    .data.KeyReg2_3:0000000000000000 KeyReg2_3
C:\Users\ASUS\AppData\Local\Temp\cc0z1tIj.s:518    .data.KeyReg2_3:0000000000000000 $d
C:\Users\ASUS\AppData\Local\Temp\cc0z1tIj.s:528    .data.KeyReg3_3:0000000000000000 KeyReg3_3
C:\Users\ASUS\AppData\Local\Temp\cc0z1tIj.s:525    .data.KeyReg3_3:0000000000000000 $d
C:\Users\ASUS\AppData\Local\Temp\cc0z1tIj.s:535    .data.TimerforKeyPRESS3:0000000000000000 TimerforKeyPRESS3
C:\Users\ASUS\AppData\Local\Temp\cc0z1tIj.s:532    .data.TimerforKeyPRESS3:0000000000000000 $d
C:\Users\ASUS\AppData\Local\Temp\cc0z1tIj.s:542    .bss.TimerforDBClick4:0000000000000000 TimerforDBClick4
ARM GAS  C:\Users\ASUS\AppData\Local\Temp\cc0z1tIj.s 			page 25


C:\Users\ASUS\AppData\Local\Temp\cc0z1tIj.s:539    .bss.TimerforDBClick4:0000000000000000 $d
C:\Users\ASUS\AppData\Local\Temp\cc0z1tIj.s:545    .text.isButton3Pressed:0000000000000000 $t
C:\Users\ASUS\AppData\Local\Temp\cc0z1tIj.s:551    .text.isButton3Pressed:0000000000000000 isButton3Pressed
C:\Users\ASUS\AppData\Local\Temp\cc0z1tIj.s:592    .text.isButton3Pressed:0000000000000020 $d
C:\Users\ASUS\AppData\Local\Temp\cc0z1tIj.s:597    .text.isButton3DoubleClick:0000000000000000 $t
C:\Users\ASUS\AppData\Local\Temp\cc0z1tIj.s:603    .text.isButton3DoubleClick:0000000000000000 isButton3DoubleClick
C:\Users\ASUS\AppData\Local\Temp\cc0z1tIj.s:644    .text.isButton3DoubleClick:0000000000000020 $d
C:\Users\ASUS\AppData\Local\Temp\cc0z1tIj.s:649    .text.getKeyInput3:0000000000000000 $t
C:\Users\ASUS\AppData\Local\Temp\cc0z1tIj.s:655    .text.getKeyInput3:0000000000000000 getKeyInput3
C:\Users\ASUS\AppData\Local\Temp\cc0z1tIj.s:795    .text.getKeyInput3:00000000000000b8 $d
C:\Users\ASUS\AppData\Local\Temp\cc0z1tIj.s:812    .data.KeyReg0_4:0000000000000000 KeyReg0_4
C:\Users\ASUS\AppData\Local\Temp\cc0z1tIj.s:809    .data.KeyReg0_4:0000000000000000 $d
C:\Users\ASUS\AppData\Local\Temp\cc0z1tIj.s:819    .data.KeyReg1_4:0000000000000000 KeyReg1_4
C:\Users\ASUS\AppData\Local\Temp\cc0z1tIj.s:816    .data.KeyReg1_4:0000000000000000 $d
C:\Users\ASUS\AppData\Local\Temp\cc0z1tIj.s:826    .data.KeyReg2_4:0000000000000000 KeyReg2_4
C:\Users\ASUS\AppData\Local\Temp\cc0z1tIj.s:823    .data.KeyReg2_4:0000000000000000 $d
C:\Users\ASUS\AppData\Local\Temp\cc0z1tIj.s:833    .data.KeyReg3_4:0000000000000000 KeyReg3_4
C:\Users\ASUS\AppData\Local\Temp\cc0z1tIj.s:830    .data.KeyReg3_4:0000000000000000 $d
C:\Users\ASUS\AppData\Local\Temp\cc0z1tIj.s:840    .data.TimerforKeyPRESS4:0000000000000000 TimerforKeyPRESS4
C:\Users\ASUS\AppData\Local\Temp\cc0z1tIj.s:837    .data.TimerforKeyPRESS4:0000000000000000 $d
C:\Users\ASUS\AppData\Local\Temp\cc0z1tIj.s:843    .text.isButton4Pressed:0000000000000000 $t
C:\Users\ASUS\AppData\Local\Temp\cc0z1tIj.s:849    .text.isButton4Pressed:0000000000000000 isButton4Pressed
C:\Users\ASUS\AppData\Local\Temp\cc0z1tIj.s:890    .text.isButton4Pressed:0000000000000020 $d
C:\Users\ASUS\AppData\Local\Temp\cc0z1tIj.s:895    .text.getKeyInput4:0000000000000000 $t
C:\Users\ASUS\AppData\Local\Temp\cc0z1tIj.s:901    .text.getKeyInput4:0000000000000000 getKeyInput4
C:\Users\ASUS\AppData\Local\Temp\cc0z1tIj.s:1018   .text.getKeyInput4:0000000000000098 $d
                           .group:0000000000000000 wm4.0.cb5f01749778df26340c4505df3d34d0
                           .group:0000000000000000 wm4.stm32f1xx_hal_conf.h.22.9203001c8f439cc72798ab2500313551
                           .group:0000000000000000 wm4.stm32f1xx.h.39.208bb8a61c892b7c37d899c49a031330
                           .group:0000000000000000 wm4.stm32f103xb.h.38.ec967d5ad9d3269cb0788eebda048e38
                           .group:0000000000000000 wm4._newlib_version.h.4.bfdf54b0af045d4a71376ae00f63a22c
                           .group:0000000000000000 wm4.features.h.33.318b64d71e0957639cfb30f1db1f7ec8
                           .group:0000000000000000 wm4._default_types.h.15.247e5cd201eca3442cbf5404108c4935
                           .group:0000000000000000 wm4._intsup.h.10.48bafbb683905c4daa4565a85aeeb264
                           .group:0000000000000000 wm4._stdint.h.10.c24fa3af3bc1706662bb5593a907e841
                           .group:0000000000000000 wm4.stdint.h.23.d53047a68f4a85177f80b422d52785ed
                           .group:0000000000000000 wm4.cmsis_version.h.32.4d5822004c01a829a975260e854b5f8e
                           .group:0000000000000000 wm4.core_cm3.h.66.fc46cac19810db8f98d67da7ef88f42c
                           .group:0000000000000000 wm4.cmsis_gcc.h.26.4f5798e999d5690b80e6ded3ecc94b37
                           .group:0000000000000000 wm4.core_cm3.h.127.f4474120f1a7524deb56f9d74ff175da
                           .group:0000000000000000 wm4.stm32f103xb.h.573.10249aa7473ca93be896fed94046a725
                           .group:0000000000000000 wm4.stm32f1xx.h.162.96b09079a093c34dbd7f0b85cbd0ddee
                           .group:0000000000000000 wm4.stm32_hal_legacy.h.23.91ba5b544a4c2be2620a1e7ff0049e10
                           .group:0000000000000000 wm4.stddef.h.39.144cf5ddcd53cbfdac30259dc1a6c87f
                           .group:0000000000000000 wm4.stm32f1xx_hal_def.h.57.18d01ce1aa74e9fb44dbf16f821a574a
                           .group:0000000000000000 wm4.stm32f1xx_hal_rcc.h.95.21591bbc513aaa813c0b8640c3b32517
                           .group:0000000000000000 wm4.stm32f1xx_hal_rcc_ex.h.22.8763f99bc1e3e2dcf0febe9161d81b37
                           .group:0000000000000000 wm4.stm32f1xx_hal_rcc.h.1202.f8e5f9e0cf4eef7840facf5396029056
                           .group:0000000000000000 wm4.stm32f1xx_hal_gpio.h.22.fa638d688dcc57ca806fe6a7831b0d04
                           .group:0000000000000000 wm4.stm32f1xx_hal_gpio_ex.h.22.51a50ef3512cd78017ce666a32d364bf
                           .group:0000000000000000 wm4.stm32f1xx_hal_gpio.h.263.f5ebf2f545ade59412ab9261c8e35dc4
                           .group:0000000000000000 wm4.stm32f1xx_hal_exti.h.22.e26491d042c8079c3ca67eca341af862
                           .group:0000000000000000 wm4.stm32f1xx_hal_dma.h.22.3c14338534886827bf3aeaa2a7f412a1
                           .group:0000000000000000 wm4.stm32f1xx_hal_dma_ex.h.22.001ac4d7f81ccbdcae49bd65c13858c8
                           .group:0000000000000000 wm4.stm32f1xx_hal_dma.h.409.cafcd2cfe701091535636be537c18293
                           .group:0000000000000000 wm4.stm32f1xx_hal_cortex.h.22.b5f4174bb6a50d95405567b8f50e0900
                           .group:0000000000000000 wm4.stm32f1xx_hal_flash.h.22.5cea9a7210e6315b41724b47b5fdf203
ARM GAS  C:\Users\ASUS\AppData\Local\Temp\cc0z1tIj.s 			page 26


                           .group:0000000000000000 wm4.stm32f1xx_hal_flash_ex.h.22.d4e19c21f2a86fa2f8ec2c2d5f1ab2af
                           .group:0000000000000000 wm4.stm32f1xx_hal_pwr.h.22.3438c476faafc3240bf146f143df3fcd
                           .group:0000000000000000 wm4.stm32f1xx_hal_tim.h.22.a16e206564e97dbace9faae59a0d6008
                           .group:0000000000000000 wm4.stm32f1xx_hal_uart.h.22.5f7992e497faa36aa98f09f7214f4dbb
                           .group:0000000000000000 wm4.stm32f1xx_hal.h.88.91065c0692bed6019c34f1e9c00589fd
                           .group:0000000000000000 wm4.main.h.62.215d12b3f54334165c3eb9a2c23b6466
                           .group:0000000000000000 wm4.global.h.15.407c81abcec812c5d10654add0683a73
                           .group:0000000000000000 wm4.button.h.13.502414bc4624a6b62bdc27e8db5e0ac4

UNDEFINED SYMBOLS
HAL_GPIO_ReadPin
