ARM GAS  C:\Users\ASUS\AppData\Local\Temp\ccyY8BNI.s 			page 1


   1              		.cpu cortex-m3
   2              		.arch armv7-m
   3              		.fpu softvfp
   4              		.eabi_attribute 20, 1
   5              		.eabi_attribute 21, 1
   6              		.eabi_attribute 23, 3
   7              		.eabi_attribute 24, 1
   8              		.eabi_attribute 25, 1
   9              		.eabi_attribute 26, 1
  10              		.eabi_attribute 30, 6
  11              		.eabi_attribute 34, 1
  12              		.eabi_attribute 18, 4
  13              		.file	"main.c"
  14              		.text
  15              	.Ltext0:
  16              		.cfi_sections	.debug_frame
  17              		.global	htim2
  18              		.section	.bss.htim2,"aw",%nobits
  19              		.align	2
  22              	htim2:
  23 0000 00000000 		.space	72
  23      00000000 
  23      00000000 
  23      00000000 
  23      00000000 
  24              		.global	htim3
  25              		.section	.bss.htim3,"aw",%nobits
  26              		.align	2
  29              	htim3:
  30 0000 00000000 		.space	72
  30      00000000 
  30      00000000 
  30      00000000 
  30      00000000 
  31              		.section	.rodata
  32              		.align	2
  33              	.LC0:
  34 0000 21375345 		.ascii	"!7SEG: %d#\015\012\000"
  34      473A2025 
  34      64230D0A 
  34      00
  35              		.section	.text.main,"ax",%progbits
  36              		.align	1
  37              		.global	main
  38              		.syntax unified
  39              		.thumb
  40              		.thumb_func
  42              	main:
  43              	.LFB68:
  44              		.file 1 "./Core/Src/main.c"
   1:./Core/Src/main.c **** /* USER CODE BEGIN Header */
   2:./Core/Src/main.c **** /**
   3:./Core/Src/main.c ****   ******************************************************************************
   4:./Core/Src/main.c ****   * @file           : main.c
   5:./Core/Src/main.c ****   * @brief          : Main program body
   6:./Core/Src/main.c ****   ******************************************************************************
   7:./Core/Src/main.c ****   * @attention
ARM GAS  C:\Users\ASUS\AppData\Local\Temp\ccyY8BNI.s 			page 2


   8:./Core/Src/main.c ****   *
   9:./Core/Src/main.c ****   * Copyright (c) 2022 STMicroelectronics.
  10:./Core/Src/main.c ****   * All rights reserved.
  11:./Core/Src/main.c ****   *
  12:./Core/Src/main.c ****   * This software is licensed under terms that can be found in the LICENSE file
  13:./Core/Src/main.c ****   * in the root directory of this software component.
  14:./Core/Src/main.c ****   * If no LICENSE file comes with this software, it is provided AS-IS.
  15:./Core/Src/main.c ****   *
  16:./Core/Src/main.c ****   ******************************************************************************
  17:./Core/Src/main.c ****   */
  18:./Core/Src/main.c **** /* USER CODE END Header */
  19:./Core/Src/main.c **** /* Includes ------------------------------------------------------------------*/
  20:./Core/Src/main.c **** //#include "main.h"
  21:./Core/Src/main.c **** 
  22:./Core/Src/main.c **** /* Private includes ----------------------------------------------------------*/
  23:./Core/Src/main.c **** /* USER CODE BEGIN Includes */
  24:./Core/Src/main.c **** #include "fsm_manual.h"
  25:./Core/Src/main.c **** #include "traffic_timer.h"
  26:./Core/Src/main.c **** #include "stdio.h"
  27:./Core/Src/main.c **** /* USER CODE END Includes */
  28:./Core/Src/main.c **** 
  29:./Core/Src/main.c **** /* Private typedef -----------------------------------------------------------*/
  30:./Core/Src/main.c **** /* USER CODE BEGIN PTD */
  31:./Core/Src/main.c **** 
  32:./Core/Src/main.c **** /* USER CODE END PTD */
  33:./Core/Src/main.c **** 
  34:./Core/Src/main.c **** /* Private define ------------------------------------------------------------*/
  35:./Core/Src/main.c **** /* USER CODE BEGIN PD */
  36:./Core/Src/main.c **** /* USER CODE END PD */
  37:./Core/Src/main.c **** 
  38:./Core/Src/main.c **** /* Private macro -------------------------------------------------------------*/
  39:./Core/Src/main.c **** /* USER CODE BEGIN PM */
  40:./Core/Src/main.c **** 
  41:./Core/Src/main.c **** /* USER CODE END PM */
  42:./Core/Src/main.c **** 
  43:./Core/Src/main.c **** /* Private variables ---------------------------------------------------------*/
  44:./Core/Src/main.c **** TIM_HandleTypeDef htim2;
  45:./Core/Src/main.c **** TIM_HandleTypeDef htim3;
  46:./Core/Src/main.c **** 
  47:./Core/Src/main.c **** //UART_HandleTypeDef huart2;
  48:./Core/Src/main.c **** 
  49:./Core/Src/main.c **** /* USER CODE BEGIN PV */
  50:./Core/Src/main.c **** 
  51:./Core/Src/main.c **** /* USER CODE END PV */
  52:./Core/Src/main.c **** 
  53:./Core/Src/main.c **** /* Private function prototypes -----------------------------------------------*/
  54:./Core/Src/main.c **** void SystemClock_Config(void);
  55:./Core/Src/main.c **** static void MX_GPIO_Init(void);
  56:./Core/Src/main.c **** static void MX_USART2_UART_Init(void);
  57:./Core/Src/main.c **** static void MX_TIM2_Init(void);
  58:./Core/Src/main.c **** static void MX_TIM3_Init(void);
  59:./Core/Src/main.c **** /* USER CODE BEGIN PFP */
  60:./Core/Src/main.c **** 
  61:./Core/Src/main.c **** /* USER CODE END PFP */
  62:./Core/Src/main.c **** 
  63:./Core/Src/main.c **** /* Private user code ---------------------------------------------------------*/
  64:./Core/Src/main.c **** /* USER CODE BEGIN 0 */
ARM GAS  C:\Users\ASUS\AppData\Local\Temp\ccyY8BNI.s 			page 3


  65:./Core/Src/main.c **** 
  66:./Core/Src/main.c **** /* USER CODE END 0 */
  67:./Core/Src/main.c **** 
  68:./Core/Src/main.c **** /**
  69:./Core/Src/main.c ****   * @brief  The application entry point.
  70:./Core/Src/main.c ****   * @retval int
  71:./Core/Src/main.c ****   */
  72:./Core/Src/main.c **** int main(void)
  73:./Core/Src/main.c **** {
  45              		.loc 1 73 1
  46              		.cfi_startproc
  47              		@ args = 0, pretend = 0, frame = 120
  48              		@ frame_needed = 1, uses_anonymous_args = 0
  49 0000 80B5     		push	{r7, lr}
  50              		.cfi_def_cfa_offset 8
  51              		.cfi_offset 7, -8
  52              		.cfi_offset 14, -4
  53 0002 9EB0     		sub	sp, sp, #120
  54              		.cfi_def_cfa_offset 128
  55 0004 00AF     		add	r7, sp, #0
  56              		.cfi_def_cfa_register 7
  74:./Core/Src/main.c ****   /* USER CODE BEGIN 1 */
  75:./Core/Src/main.c **** 
  76:./Core/Src/main.c ****   /* USER CODE END 1 */
  77:./Core/Src/main.c **** 
  78:./Core/Src/main.c ****   /* MCU Configuration--------------------------------------------------------*/
  79:./Core/Src/main.c **** 
  80:./Core/Src/main.c ****   /* Reset of all peripherals, Initializes the Flash interface and the Systick. */
  81:./Core/Src/main.c ****   HAL_Init();
  57              		.loc 1 81 3
  58 0006 FFF7FEFF 		bl	HAL_Init
  82:./Core/Src/main.c **** 
  83:./Core/Src/main.c ****   /* USER CODE BEGIN Init */
  84:./Core/Src/main.c **** 
  85:./Core/Src/main.c ****   /* USER CODE END Init */
  86:./Core/Src/main.c **** 
  87:./Core/Src/main.c ****   /* Configure the system clock */
  88:./Core/Src/main.c ****   SystemClock_Config();
  59              		.loc 1 88 3
  60 000a FFF7FEFF 		bl	SystemClock_Config
  89:./Core/Src/main.c **** 
  90:./Core/Src/main.c ****   /* USER CODE BEGIN SysInit */
  91:./Core/Src/main.c **** 
  92:./Core/Src/main.c ****   /* USER CODE END SysInit */
  93:./Core/Src/main.c **** 
  94:./Core/Src/main.c ****   /* Initialize all configured peripherals */
  95:./Core/Src/main.c ****   MX_GPIO_Init();
  61              		.loc 1 95 3
  62 000e FFF7FEFF 		bl	MX_GPIO_Init
  96:./Core/Src/main.c ****   MX_USART2_UART_Init();
  63              		.loc 1 96 3
  64 0012 FFF7FEFF 		bl	MX_USART2_UART_Init
  97:./Core/Src/main.c ****   MX_TIM2_Init();
  65              		.loc 1 97 3
  66 0016 FFF7FEFF 		bl	MX_TIM2_Init
  98:./Core/Src/main.c ****   MX_TIM3_Init();
  67              		.loc 1 98 3
ARM GAS  C:\Users\ASUS\AppData\Local\Temp\ccyY8BNI.s 			page 4


  68 001a FFF7FEFF 		bl	MX_TIM3_Init
  99:./Core/Src/main.c ****   /* USER CODE BEGIN 2 */
 100:./Core/Src/main.c ****   HAL_TIM_Base_Start_IT (&htim2) ;
  69              		.loc 1 100 3
  70 001e 5D48     		ldr	r0, .L12
  71 0020 FFF7FEFF 		bl	HAL_TIM_Base_Start_IT
 101:./Core/Src/main.c ****   HAL_TIM_PWM_Start(&htim3, TIM_CHANNEL_1);
  72              		.loc 1 101 3
  73 0024 0021     		movs	r1, #0
  74 0026 5C48     		ldr	r0, .L12+4
  75 0028 FFF7FEFF 		bl	HAL_TIM_PWM_Start
 102:./Core/Src/main.c ****   /* USER CODE END 2 */
 103:./Core/Src/main.c **** 
 104:./Core/Src/main.c ****   /* Infinite loop */
 105:./Core/Src/main.c ****   /* USER CODE BEGIN WHILE */
 106:./Core/Src/main.c **** 
 107:./Core/Src/main.c ****   //Set up for Pedestrian
 108:./Core/Src/main.c ****   int userButton = 0;
  76              		.loc 1 108 7
  77 002c 0023     		movs	r3, #0
  78 002e 7B67     		str	r3, [r7, #116]
 109:./Core/Src/main.c ****   LED3_OFF();
  79              		.loc 1 109 3
  80 0030 FFF7FEFF 		bl	LED3_OFF
 110:./Core/Src/main.c **** 
 111:./Core/Src/main.c ****   //Set up for start
 112:./Core/Src/main.c ****   setTimer1(250);
  81              		.loc 1 112 3
  82 0034 FA20     		movs	r0, #250
  83 0036 FFF7FEFF 		bl	setTimer1
 113:./Core/Src/main.c ****   int one_sec= 3;
  84              		.loc 1 113 7
  85 003a 0323     		movs	r3, #3
  86 003c 3B67     		str	r3, [r7, #112]
  87              	.L11:
 114:./Core/Src/main.c **** 
 115:./Core/Src/main.c ****   while (1)
 116:./Core/Src/main.c ****   {
 117:./Core/Src/main.c ****     /* USER CODE END WHILE */
 118:./Core/Src/main.c **** 
 119:./Core/Src/main.c ****     /* USER CODE BEGIN 3 */
 120:./Core/Src/main.c **** 
 121:./Core/Src/main.c **** 	  //All about FSM
 122:./Core/Src/main.c **** 	  fsm_manual_run();		//manual fsm
  88              		.loc 1 122 4
  89 003e FFF7FEFF 		bl	fsm_manual_run
 123:./Core/Src/main.c **** 	  light_control_1();	//fsm for traffic light 1
  90              		.loc 1 123 4
  91 0042 FFF7FEFF 		bl	light_control_1
 124:./Core/Src/main.c **** 	  light_control_2();	//fsm for traffic light 2
  92              		.loc 1 124 4
  93 0046 FFF7FEFF 		bl	light_control_2
 125:./Core/Src/main.c **** 
 126:./Core/Src/main.c **** 
 127:./Core/Src/main.c **** 	  if (isButton4Pressed()){		// Pedestrian pressed
  94              		.loc 1 127 8
  95 004a FFF7FEFF 		bl	isButton4Pressed
ARM GAS  C:\Users\ASUS\AppData\Local\Temp\ccyY8BNI.s 			page 5


  96 004e 0346     		mov	r3, r0
  97              		.loc 1 127 7
  98 0050 002B     		cmp	r3, #0
  99 0052 05D0     		beq	.L2
 128:./Core/Src/main.c **** 		  userButton = 1;
 100              		.loc 1 128 16
 101 0054 0123     		movs	r3, #1
 102 0056 7B67     		str	r3, [r7, #116]
 129:./Core/Src/main.c **** 		  setTimer5(20000);
 103              		.loc 1 129 5
 104 0058 44F62060 		movw	r0, #20000
 105 005c FFF7FEFF 		bl	setTimer5
 106              	.L2:
 130:./Core/Src/main.c **** 	  }
 131:./Core/Src/main.c **** 	  if (timer5_flag == 1){		// Time out
 107              		.loc 1 131 20
 108 0060 4E4B     		ldr	r3, .L12+8
 109 0062 1B68     		ldr	r3, [r3]
 110              		.loc 1 131 7
 111 0064 012B     		cmp	r3, #1
 112 0066 03D1     		bne	.L3
 132:./Core/Src/main.c **** 		  userButton = 0;
 113              		.loc 1 132 16
 114 0068 0023     		movs	r3, #0
 115 006a 7B67     		str	r3, [r7, #116]
 133:./Core/Src/main.c **** 		  LED3_OFF();
 116              		.loc 1 133 5
 117 006c FFF7FEFF 		bl	LED3_OFF
 118              	.L3:
 134:./Core/Src/main.c **** 	  }
 135:./Core/Src/main.c **** 
 136:./Core/Src/main.c **** 
 137:./Core/Src/main.c **** 
 138:./Core/Src/main.c **** 	  if (timer1_flag == 1){		// One duration blinky 250ms
 119              		.loc 1 138 20
 120 0070 4B4B     		ldr	r3, .L12+12
 121 0072 1B68     		ldr	r3, [r3]
 122              		.loc 1 138 7
 123 0074 012B     		cmp	r3, #1
 124 0076 E2D1     		bne	.L11
 139:./Core/Src/main.c **** 		  setTimer1(250);
 125              		.loc 1 139 5
 126 0078 FA20     		movs	r0, #250
 127 007a FFF7FEFF 		bl	setTimer1
 140:./Core/Src/main.c **** 
 141:./Core/Src/main.c **** 		  one_sec++;				// Count down, print to terminal
 128              		.loc 1 141 12
 129 007e 3B6F     		ldr	r3, [r7, #112]
 130 0080 0133     		adds	r3, r3, #1
 131 0082 3B67     		str	r3, [r7, #112]
 142:./Core/Src/main.c **** 		  if (one_sec == 4){
 132              		.loc 1 142 8
 133 0084 3B6F     		ldr	r3, [r7, #112]
 134 0086 042B     		cmp	r3, #4
 135 0088 18D1     		bne	.L5
 136              	.LBB4:
 143:./Core/Src/main.c **** 			  one_sec = 0;
ARM GAS  C:\Users\ASUS\AppData\Local\Temp\ccyY8BNI.s 			page 6


 137              		.loc 1 143 14
 138 008a 0023     		movs	r3, #0
 139 008c 3B67     		str	r3, [r7, #112]
 144:./Core/Src/main.c **** 			  int time = timer3_counter/100;
 140              		.loc 1 144 31
 141 008e 454B     		ldr	r3, .L12+16
 142 0090 1B68     		ldr	r3, [r3]
 143              		.loc 1 144 10
 144 0092 454A     		ldr	r2, .L12+20
 145 0094 82FB0312 		smull	r1, r2, r2, r3
 146 0098 5211     		asrs	r2, r2, #5
 147 009a DB17     		asrs	r3, r3, #31
 148 009c D31A     		subs	r3, r2, r3
 149 009e FB66     		str	r3, [r7, #108]
 145:./Core/Src/main.c **** 			  char str[100];
 146:./Core/Src/main.c **** 			  HAL_UART_Transmit(&huart2,(uint8_t*) str, sprintf(str, "!7SEG: %d#\r\n",time), 1000);
 150              		.loc 1 146 48
 151 00a0 3B1D     		adds	r3, r7, #4
 152 00a2 FA6E     		ldr	r2, [r7, #108]
 153 00a4 4149     		ldr	r1, .L12+24
 154 00a6 1846     		mov	r0, r3
 155 00a8 FFF7FEFF 		bl	sprintf
 156 00ac 0346     		mov	r3, r0
 157              		.loc 1 146 6
 158 00ae 9AB2     		uxth	r2, r3
 159 00b0 391D     		adds	r1, r7, #4
 160 00b2 4FF47A73 		mov	r3, #1000
 161 00b6 3E48     		ldr	r0, .L12+28
 162 00b8 FFF7FEFF 		bl	HAL_UART_Transmit
 163              	.L5:
 164              	.LBE4:
 147:./Core/Src/main.c **** 		  }
 148:./Core/Src/main.c **** 
 149:./Core/Src/main.c **** 	  		  //Cum den 1
 150:./Core/Src/main.c **** 		  if (RED1_flag){
 165              		.loc 1 150 9
 166 00bc 3D4B     		ldr	r3, .L12+32
 167 00be 1B68     		ldr	r3, [r3]
 168              		.loc 1 150 8
 169 00c0 002B     		cmp	r3, #0
 170 00c2 02D0     		beq	.L6
 151:./Core/Src/main.c **** 			  RED1_TOGGLE();
 171              		.loc 1 151 6
 172 00c4 FFF7FEFF 		bl	RED1_TOGGLE
 173 00c8 0CE0     		b	.L7
 174              	.L6:
 152:./Core/Src/main.c **** 		  }
 153:./Core/Src/main.c **** 		  else if(YELLOW1_flag){
 175              		.loc 1 153 13
 176 00ca 3B4B     		ldr	r3, .L12+36
 177 00cc 1B68     		ldr	r3, [r3]
 178              		.loc 1 153 12
 179 00ce 002B     		cmp	r3, #0
 180 00d0 02D0     		beq	.L8
 154:./Core/Src/main.c **** 			  YELLOW1_TOGGLE();
 181              		.loc 1 154 6
 182 00d2 FFF7FEFF 		bl	YELLOW1_TOGGLE
ARM GAS  C:\Users\ASUS\AppData\Local\Temp\ccyY8BNI.s 			page 7


 183 00d6 05E0     		b	.L7
 184              	.L8:
 155:./Core/Src/main.c **** 		  }
 156:./Core/Src/main.c **** 		  else if(GREEN1_flag){
 185              		.loc 1 156 13
 186 00d8 384B     		ldr	r3, .L12+40
 187 00da 1B68     		ldr	r3, [r3]
 188              		.loc 1 156 12
 189 00dc 002B     		cmp	r3, #0
 190 00de 01D0     		beq	.L7
 157:./Core/Src/main.c **** 	  		  GREEN1_TOGGLE();
 191              		.loc 1 157 8
 192 00e0 FFF7FEFF 		bl	GREEN1_TOGGLE
 193              	.L7:
 158:./Core/Src/main.c **** 	  	  }
 159:./Core/Src/main.c **** 
 160:./Core/Src/main.c **** 	  		  //Cum den 2
 161:./Core/Src/main.c **** 		  if(RED2_flag){
 194              		.loc 1 161 8
 195 00e4 364B     		ldr	r3, .L12+44
 196 00e6 1B68     		ldr	r3, [r3]
 197              		.loc 1 161 7
 198 00e8 002B     		cmp	r3, #0
 199 00ea 0BD0     		beq	.L9
 162:./Core/Src/main.c **** 	  		  RED2_TOGGLE();
 200              		.loc 1 162 8
 201 00ec FFF7FEFF 		bl	RED2_TOGGLE
 163:./Core/Src/main.c **** 	  		  __HAL_TIM_SetCompare (&htim3,TIM_CHANNEL_1,0);
 202              		.loc 1 163 8
 203 00f0 294B     		ldr	r3, .L12+4
 204 00f2 1B68     		ldr	r3, [r3]
 205 00f4 0022     		movs	r2, #0
 206 00f6 5A63     		str	r2, [r3, #52]
 164:./Core/Src/main.c **** 	 		  if (userButton) RED3_TOGGLE();
 207              		.loc 1 164 10
 208 00f8 7B6F     		ldr	r3, [r7, #116]
 209 00fa 002B     		cmp	r3, #0
 210 00fc 9FD0     		beq	.L11
 211              		.loc 1 164 23 discriminator 1
 212 00fe FFF7FEFF 		bl	RED3_TOGGLE
 213 0102 9CE7     		b	.L11
 214              	.L9:
 165:./Core/Src/main.c **** 		  }
 166:./Core/Src/main.c **** 		  else if(YELLOW2_flag){
 215              		.loc 1 166 13
 216 0104 2F4B     		ldr	r3, .L12+48
 217 0106 1B68     		ldr	r3, [r3]
 218              		.loc 1 166 12
 219 0108 002B     		cmp	r3, #0
 220 010a 34D0     		beq	.L10
 167:./Core/Src/main.c **** 			  YELLOW2_TOGGLE();
 221              		.loc 1 167 6
 222 010c FFF7FEFF 		bl	YELLOW2_TOGGLE
 168:./Core/Src/main.c **** 			  if (userButton) {
 223              		.loc 1 168 9
 224 0110 7B6F     		ldr	r3, [r7, #116]
 225 0112 002B     		cmp	r3, #0
ARM GAS  C:\Users\ASUS\AppData\Local\Temp\ccyY8BNI.s 			page 8


 226 0114 93D0     		beq	.L11
 227              	.LBB5:
 169:./Core/Src/main.c **** 				  YELLOW3_TOGGLE();
 228              		.loc 1 169 7
 229 0116 FFF7FEFF 		bl	YELLOW3_TOGGLE
 170:./Core/Src/main.c **** 				  int feq = 100 - 100*(10*timer3_counter/timer_yellow);
 230              		.loc 1 170 30
 231 011a 224B     		ldr	r3, .L12+16
 232 011c 1A68     		ldr	r2, [r3]
 233 011e 1346     		mov	r3, r2
 234 0120 9B00     		lsls	r3, r3, #2
 235 0122 1344     		add	r3, r3, r2
 236 0124 5B00     		lsls	r3, r3, #1
 237 0126 1A46     		mov	r2, r3
 238              		.loc 1 170 45
 239 0128 274B     		ldr	r3, .L12+52
 240 012a 1B68     		ldr	r3, [r3]
 241 012c 92FBF3F3 		sdiv	r3, r2, r3
 242              		.loc 1 170 21
 243 0130 C3F10103 		rsb	r3, r3, #1
 244              		.loc 1 170 11
 245 0134 6422     		movs	r2, #100
 246 0136 02FB03F3 		mul	r3, r2, r3
 247 013a BB66     		str	r3, [r7, #104]
 171:./Core/Src/main.c **** 				  __HAL_TIM_SET_AUTORELOAD(&htim3,feq*5/2);
 248              		.loc 1 171 7
 249 013c BA6E     		ldr	r2, [r7, #104]
 250 013e 1346     		mov	r3, r2
 251 0140 9B00     		lsls	r3, r3, #2
 252 0142 1344     		add	r3, r3, r2
 253 0144 DA0F     		lsrs	r2, r3, #31
 254 0146 1344     		add	r3, r3, r2
 255 0148 5B10     		asrs	r3, r3, #1
 256 014a 1A46     		mov	r2, r3
 257 014c 124B     		ldr	r3, .L12+4
 258 014e 1B68     		ldr	r3, [r3]
 259 0150 DA62     		str	r2, [r3, #44]
 260 0152 BA6E     		ldr	r2, [r7, #104]
 261 0154 1346     		mov	r3, r2
 262 0156 9B00     		lsls	r3, r3, #2
 263 0158 1344     		add	r3, r3, r2
 264 015a DA0F     		lsrs	r2, r3, #31
 265 015c 1344     		add	r3, r3, r2
 266 015e 5B10     		asrs	r3, r3, #1
 267 0160 1A46     		mov	r2, r3
 268 0162 0D4B     		ldr	r3, .L12+4
 269 0164 DA60     		str	r2, [r3, #12]
 172:./Core/Src/main.c **** 				  __HAL_TIM_SetCompare (&htim3,TIM_CHANNEL_1,feq);
 270              		.loc 1 172 7
 271 0166 0C4B     		ldr	r3, .L12+4
 272 0168 1B68     		ldr	r3, [r3]
 273 016a BA6E     		ldr	r2, [r7, #104]
 274 016c 5A63     		str	r2, [r3, #52]
 173:./Core/Src/main.c **** 				  HAL_Delay(100);
 275              		.loc 1 173 7
 276 016e 6420     		movs	r0, #100
 277 0170 FFF7FEFF 		bl	HAL_Delay
ARM GAS  C:\Users\ASUS\AppData\Local\Temp\ccyY8BNI.s 			page 9


 278 0174 63E7     		b	.L11
 279              	.L10:
 280              	.LBE5:
 174:./Core/Src/main.c **** 			  }
 175:./Core/Src/main.c **** 		  }
 176:./Core/Src/main.c **** 	  	  else if(GREEN2_flag){
 281              		.loc 1 176 15
 282 0176 154B     		ldr	r3, .L12+56
 283 0178 1B68     		ldr	r3, [r3]
 284              		.loc 1 176 14
 285 017a 002B     		cmp	r3, #0
 286 017c 3FF45FAF 		beq	.L11
 177:./Core/Src/main.c **** 	  		  GREEN2_TOGGLE();
 287              		.loc 1 177 8
 288 0180 FFF7FEFF 		bl	GREEN2_TOGGLE
 178:./Core/Src/main.c **** 	  		  if (userButton) GREEN3_TOGGLE();
 289              		.loc 1 178 11
 290 0184 7B6F     		ldr	r3, [r7, #116]
 291 0186 002B     		cmp	r3, #0
 292 0188 3FF459AF 		beq	.L11
 293              		.loc 1 178 24 discriminator 1
 294 018c FFF7FEFF 		bl	GREEN3_TOGGLE
 122:./Core/Src/main.c **** 	  light_control_1();	//fsm for traffic light 1
 295              		.loc 1 122 4 discriminator 1
 296 0190 55E7     		b	.L11
 297              	.L13:
 298 0192 00BF     		.align	2
 299              	.L12:
 300 0194 00000000 		.word	htim2
 301 0198 00000000 		.word	htim3
 302 019c 00000000 		.word	timer5_flag
 303 01a0 00000000 		.word	timer1_flag
 304 01a4 00000000 		.word	timer3_counter
 305 01a8 1F85EB51 		.word	1374389535
 306 01ac 00000000 		.word	.LC0
 307 01b0 00000000 		.word	huart2
 308 01b4 00000000 		.word	RED1_flag
 309 01b8 00000000 		.word	YELLOW1_flag
 310 01bc 00000000 		.word	GREEN1_flag
 311 01c0 00000000 		.word	RED2_flag
 312 01c4 00000000 		.word	YELLOW2_flag
 313 01c8 00000000 		.word	timer_yellow
 314 01cc 00000000 		.word	GREEN2_flag
 315              		.cfi_endproc
 316              	.LFE68:
 318              		.section	.text.SystemClock_Config,"ax",%progbits
 319              		.align	1
 320              		.global	SystemClock_Config
 321              		.syntax unified
 322              		.thumb
 323              		.thumb_func
 325              	SystemClock_Config:
 326              	.LFB69:
 179:./Core/Src/main.c **** 	  	  }
 180:./Core/Src/main.c **** 
 181:./Core/Src/main.c **** 
 182:./Core/Src/main.c **** 	  }
ARM GAS  C:\Users\ASUS\AppData\Local\Temp\ccyY8BNI.s 			page 10


 183:./Core/Src/main.c ****   }
 184:./Core/Src/main.c ****   /* USER CODE END 3 */
 185:./Core/Src/main.c **** }
 186:./Core/Src/main.c **** 
 187:./Core/Src/main.c **** /**
 188:./Core/Src/main.c ****   * @brief System Clock Configuration
 189:./Core/Src/main.c ****   * @retval None
 190:./Core/Src/main.c ****   */
 191:./Core/Src/main.c **** void SystemClock_Config(void)
 192:./Core/Src/main.c **** {
 327              		.loc 1 192 1
 328              		.cfi_startproc
 329              		@ args = 0, pretend = 0, frame = 64
 330              		@ frame_needed = 1, uses_anonymous_args = 0
 331 0000 80B5     		push	{r7, lr}
 332              		.cfi_def_cfa_offset 8
 333              		.cfi_offset 7, -8
 334              		.cfi_offset 14, -4
 335 0002 90B0     		sub	sp, sp, #64
 336              		.cfi_def_cfa_offset 72
 337 0004 00AF     		add	r7, sp, #0
 338              		.cfi_def_cfa_register 7
 193:./Core/Src/main.c ****   RCC_OscInitTypeDef RCC_OscInitStruct = {0};
 339              		.loc 1 193 22
 340 0006 07F11803 		add	r3, r7, #24
 341 000a 2822     		movs	r2, #40
 342 000c 0021     		movs	r1, #0
 343 000e 1846     		mov	r0, r3
 344 0010 FFF7FEFF 		bl	memset
 194:./Core/Src/main.c ****   RCC_ClkInitTypeDef RCC_ClkInitStruct = {0};
 345              		.loc 1 194 22
 346 0014 3B1D     		adds	r3, r7, #4
 347 0016 0022     		movs	r2, #0
 348 0018 1A60     		str	r2, [r3]
 349 001a 5A60     		str	r2, [r3, #4]
 350 001c 9A60     		str	r2, [r3, #8]
 351 001e DA60     		str	r2, [r3, #12]
 352 0020 1A61     		str	r2, [r3, #16]
 195:./Core/Src/main.c **** 
 196:./Core/Src/main.c ****   /** Initializes the RCC Oscillators according to the specified parameters
 197:./Core/Src/main.c ****   * in the RCC_OscInitTypeDef structure.
 198:./Core/Src/main.c ****   */
 199:./Core/Src/main.c ****   RCC_OscInitStruct.OscillatorType = RCC_OSCILLATORTYPE_HSI;
 353              		.loc 1 199 36
 354 0022 0223     		movs	r3, #2
 355 0024 BB61     		str	r3, [r7, #24]
 200:./Core/Src/main.c ****   RCC_OscInitStruct.HSIState = RCC_HSI_ON;
 356              		.loc 1 200 30
 357 0026 0123     		movs	r3, #1
 358 0028 BB62     		str	r3, [r7, #40]
 201:./Core/Src/main.c ****   RCC_OscInitStruct.HSICalibrationValue = RCC_HSICALIBRATION_DEFAULT;
 359              		.loc 1 201 41
 360 002a 1023     		movs	r3, #16
 361 002c FB62     		str	r3, [r7, #44]
 202:./Core/Src/main.c ****   RCC_OscInitStruct.PLL.PLLState = RCC_PLL_ON;
 362              		.loc 1 202 34
 363 002e 0223     		movs	r3, #2
ARM GAS  C:\Users\ASUS\AppData\Local\Temp\ccyY8BNI.s 			page 11


 364 0030 7B63     		str	r3, [r7, #52]
 203:./Core/Src/main.c ****   RCC_OscInitStruct.PLL.PLLSource = RCC_PLLSOURCE_HSI_DIV2;
 365              		.loc 1 203 35
 366 0032 0023     		movs	r3, #0
 367 0034 BB63     		str	r3, [r7, #56]
 204:./Core/Src/main.c ****   RCC_OscInitStruct.PLL.PLLMUL = RCC_PLL_MUL16;
 368              		.loc 1 204 32
 369 0036 4FF46013 		mov	r3, #3670016
 370 003a FB63     		str	r3, [r7, #60]
 205:./Core/Src/main.c ****   if (HAL_RCC_OscConfig(&RCC_OscInitStruct) != HAL_OK)
 371              		.loc 1 205 7
 372 003c 07F11803 		add	r3, r7, #24
 373 0040 1846     		mov	r0, r3
 374 0042 FFF7FEFF 		bl	HAL_RCC_OscConfig
 375 0046 0346     		mov	r3, r0
 376              		.loc 1 205 6
 377 0048 002B     		cmp	r3, #0
 378 004a 01D0     		beq	.L15
 206:./Core/Src/main.c ****   {
 207:./Core/Src/main.c ****     Error_Handler();
 379              		.loc 1 207 5
 380 004c FFF7FEFF 		bl	Error_Handler
 381              	.L15:
 208:./Core/Src/main.c ****   }
 209:./Core/Src/main.c **** 
 210:./Core/Src/main.c ****   /** Initializes the CPU, AHB and APB buses clocks
 211:./Core/Src/main.c ****   */
 212:./Core/Src/main.c ****   RCC_ClkInitStruct.ClockType = RCC_CLOCKTYPE_HCLK|RCC_CLOCKTYPE_SYSCLK
 382              		.loc 1 212 31
 383 0050 0F23     		movs	r3, #15
 384 0052 7B60     		str	r3, [r7, #4]
 213:./Core/Src/main.c ****                               |RCC_CLOCKTYPE_PCLK1|RCC_CLOCKTYPE_PCLK2;
 214:./Core/Src/main.c ****   RCC_ClkInitStruct.SYSCLKSource = RCC_SYSCLKSOURCE_PLLCLK;
 385              		.loc 1 214 34
 386 0054 0223     		movs	r3, #2
 387 0056 BB60     		str	r3, [r7, #8]
 215:./Core/Src/main.c ****   RCC_ClkInitStruct.AHBCLKDivider = RCC_SYSCLK_DIV1;
 388              		.loc 1 215 35
 389 0058 0023     		movs	r3, #0
 390 005a FB60     		str	r3, [r7, #12]
 216:./Core/Src/main.c ****   RCC_ClkInitStruct.APB1CLKDivider = RCC_HCLK_DIV2;
 391              		.loc 1 216 36
 392 005c 4FF48063 		mov	r3, #1024
 393 0060 3B61     		str	r3, [r7, #16]
 217:./Core/Src/main.c ****   RCC_ClkInitStruct.APB2CLKDivider = RCC_HCLK_DIV1;
 394              		.loc 1 217 36
 395 0062 0023     		movs	r3, #0
 396 0064 7B61     		str	r3, [r7, #20]
 218:./Core/Src/main.c **** 
 219:./Core/Src/main.c ****   if (HAL_RCC_ClockConfig(&RCC_ClkInitStruct, FLASH_LATENCY_2) != HAL_OK)
 397              		.loc 1 219 7
 398 0066 3B1D     		adds	r3, r7, #4
 399 0068 0221     		movs	r1, #2
 400 006a 1846     		mov	r0, r3
 401 006c FFF7FEFF 		bl	HAL_RCC_ClockConfig
 402 0070 0346     		mov	r3, r0
 403              		.loc 1 219 6
ARM GAS  C:\Users\ASUS\AppData\Local\Temp\ccyY8BNI.s 			page 12


 404 0072 002B     		cmp	r3, #0
 405 0074 01D0     		beq	.L17
 220:./Core/Src/main.c ****   {
 221:./Core/Src/main.c ****     Error_Handler();
 406              		.loc 1 221 5
 407 0076 FFF7FEFF 		bl	Error_Handler
 408              	.L17:
 222:./Core/Src/main.c ****   }
 223:./Core/Src/main.c **** }
 409              		.loc 1 223 1
 410 007a 00BF     		nop
 411 007c 4037     		adds	r7, r7, #64
 412              		.cfi_def_cfa_offset 8
 413 007e BD46     		mov	sp, r7
 414              		.cfi_def_cfa_register 13
 415              		@ sp needed
 416 0080 80BD     		pop	{r7, pc}
 417              		.cfi_endproc
 418              	.LFE69:
 420              		.section	.text.MX_TIM2_Init,"ax",%progbits
 421              		.align	1
 422              		.syntax unified
 423              		.thumb
 424              		.thumb_func
 426              	MX_TIM2_Init:
 427              	.LFB70:
 224:./Core/Src/main.c **** 
 225:./Core/Src/main.c **** /**
 226:./Core/Src/main.c ****   * @brief TIM2 Initialization Function
 227:./Core/Src/main.c ****   * @param None
 228:./Core/Src/main.c ****   * @retval None
 229:./Core/Src/main.c ****   */
 230:./Core/Src/main.c **** static void MX_TIM2_Init(void)
 231:./Core/Src/main.c **** {
 428              		.loc 1 231 1
 429              		.cfi_startproc
 430              		@ args = 0, pretend = 0, frame = 24
 431              		@ frame_needed = 1, uses_anonymous_args = 0
 432 0000 80B5     		push	{r7, lr}
 433              		.cfi_def_cfa_offset 8
 434              		.cfi_offset 7, -8
 435              		.cfi_offset 14, -4
 436 0002 86B0     		sub	sp, sp, #24
 437              		.cfi_def_cfa_offset 32
 438 0004 00AF     		add	r7, sp, #0
 439              		.cfi_def_cfa_register 7
 232:./Core/Src/main.c **** 
 233:./Core/Src/main.c ****   /* USER CODE BEGIN TIM2_Init 0 */
 234:./Core/Src/main.c **** 
 235:./Core/Src/main.c ****   /* USER CODE END TIM2_Init 0 */
 236:./Core/Src/main.c **** 
 237:./Core/Src/main.c ****   TIM_ClockConfigTypeDef sClockSourceConfig = {0};
 440              		.loc 1 237 26
 441 0006 07F10803 		add	r3, r7, #8
 442 000a 0022     		movs	r2, #0
 443 000c 1A60     		str	r2, [r3]
 444 000e 5A60     		str	r2, [r3, #4]
ARM GAS  C:\Users\ASUS\AppData\Local\Temp\ccyY8BNI.s 			page 13


 445 0010 9A60     		str	r2, [r3, #8]
 446 0012 DA60     		str	r2, [r3, #12]
 238:./Core/Src/main.c ****   TIM_MasterConfigTypeDef sMasterConfig = {0};
 447              		.loc 1 238 27
 448 0014 3B46     		mov	r3, r7
 449 0016 0022     		movs	r2, #0
 450 0018 1A60     		str	r2, [r3]
 451 001a 5A60     		str	r2, [r3, #4]
 239:./Core/Src/main.c **** 
 240:./Core/Src/main.c ****   /* USER CODE BEGIN TIM2_Init 1 */
 241:./Core/Src/main.c **** 
 242:./Core/Src/main.c ****   /* USER CODE END TIM2_Init 1 */
 243:./Core/Src/main.c ****   htim2.Instance = TIM2;
 452              		.loc 1 243 18
 453 001c 1D4B     		ldr	r3, .L23
 454 001e 4FF08042 		mov	r2, #1073741824
 455 0022 1A60     		str	r2, [r3]
 244:./Core/Src/main.c ****   htim2.Init.Prescaler = 7999;
 456              		.loc 1 244 24
 457 0024 1B4B     		ldr	r3, .L23
 458 0026 41F63F72 		movw	r2, #7999
 459 002a 5A60     		str	r2, [r3, #4]
 245:./Core/Src/main.c ****   htim2.Init.CounterMode = TIM_COUNTERMODE_UP;
 460              		.loc 1 245 26
 461 002c 194B     		ldr	r3, .L23
 462 002e 0022     		movs	r2, #0
 463 0030 9A60     		str	r2, [r3, #8]
 246:./Core/Src/main.c ****   htim2.Init.Period = 79;
 464              		.loc 1 246 21
 465 0032 184B     		ldr	r3, .L23
 466 0034 4F22     		movs	r2, #79
 467 0036 DA60     		str	r2, [r3, #12]
 247:./Core/Src/main.c ****   htim2.Init.ClockDivision = TIM_CLOCKDIVISION_DIV1;
 468              		.loc 1 247 28
 469 0038 164B     		ldr	r3, .L23
 470 003a 0022     		movs	r2, #0
 471 003c 1A61     		str	r2, [r3, #16]
 248:./Core/Src/main.c ****   htim2.Init.AutoReloadPreload = TIM_AUTORELOAD_PRELOAD_DISABLE;
 472              		.loc 1 248 32
 473 003e 154B     		ldr	r3, .L23
 474 0040 0022     		movs	r2, #0
 475 0042 9A61     		str	r2, [r3, #24]
 249:./Core/Src/main.c ****   if (HAL_TIM_Base_Init(&htim2) != HAL_OK)
 476              		.loc 1 249 7
 477 0044 1348     		ldr	r0, .L23
 478 0046 FFF7FEFF 		bl	HAL_TIM_Base_Init
 479 004a 0346     		mov	r3, r0
 480              		.loc 1 249 6
 481 004c 002B     		cmp	r3, #0
 482 004e 01D0     		beq	.L19
 250:./Core/Src/main.c ****   {
 251:./Core/Src/main.c ****     Error_Handler();
 483              		.loc 1 251 5
 484 0050 FFF7FEFF 		bl	Error_Handler
 485              	.L19:
 252:./Core/Src/main.c ****   }
 253:./Core/Src/main.c ****   sClockSourceConfig.ClockSource = TIM_CLOCKSOURCE_INTERNAL;
ARM GAS  C:\Users\ASUS\AppData\Local\Temp\ccyY8BNI.s 			page 14


 486              		.loc 1 253 34
 487 0054 4FF48053 		mov	r3, #4096
 488 0058 BB60     		str	r3, [r7, #8]
 254:./Core/Src/main.c ****   if (HAL_TIM_ConfigClockSource(&htim2, &sClockSourceConfig) != HAL_OK)
 489              		.loc 1 254 7
 490 005a 07F10803 		add	r3, r7, #8
 491 005e 1946     		mov	r1, r3
 492 0060 0C48     		ldr	r0, .L23
 493 0062 FFF7FEFF 		bl	HAL_TIM_ConfigClockSource
 494 0066 0346     		mov	r3, r0
 495              		.loc 1 254 6
 496 0068 002B     		cmp	r3, #0
 497 006a 01D0     		beq	.L20
 255:./Core/Src/main.c ****   {
 256:./Core/Src/main.c ****     Error_Handler();
 498              		.loc 1 256 5
 499 006c FFF7FEFF 		bl	Error_Handler
 500              	.L20:
 257:./Core/Src/main.c ****   }
 258:./Core/Src/main.c ****   sMasterConfig.MasterOutputTrigger = TIM_TRGO_RESET;
 501              		.loc 1 258 37
 502 0070 0023     		movs	r3, #0
 503 0072 3B60     		str	r3, [r7]
 259:./Core/Src/main.c ****   sMasterConfig.MasterSlaveMode = TIM_MASTERSLAVEMODE_DISABLE;
 504              		.loc 1 259 33
 505 0074 0023     		movs	r3, #0
 506 0076 7B60     		str	r3, [r7, #4]
 260:./Core/Src/main.c ****   if (HAL_TIMEx_MasterConfigSynchronization(&htim2, &sMasterConfig) != HAL_OK)
 507              		.loc 1 260 7
 508 0078 3B46     		mov	r3, r7
 509 007a 1946     		mov	r1, r3
 510 007c 0548     		ldr	r0, .L23
 511 007e FFF7FEFF 		bl	HAL_TIMEx_MasterConfigSynchronization
 512 0082 0346     		mov	r3, r0
 513              		.loc 1 260 6
 514 0084 002B     		cmp	r3, #0
 515 0086 01D0     		beq	.L22
 261:./Core/Src/main.c ****   {
 262:./Core/Src/main.c ****     Error_Handler();
 516              		.loc 1 262 5
 517 0088 FFF7FEFF 		bl	Error_Handler
 518              	.L22:
 263:./Core/Src/main.c ****   }
 264:./Core/Src/main.c ****   /* USER CODE BEGIN TIM2_Init 2 */
 265:./Core/Src/main.c **** 
 266:./Core/Src/main.c ****   /* USER CODE END TIM2_Init 2 */
 267:./Core/Src/main.c **** 
 268:./Core/Src/main.c **** }
 519              		.loc 1 268 1
 520 008c 00BF     		nop
 521 008e 1837     		adds	r7, r7, #24
 522              		.cfi_def_cfa_offset 8
 523 0090 BD46     		mov	sp, r7
 524              		.cfi_def_cfa_register 13
 525              		@ sp needed
 526 0092 80BD     		pop	{r7, pc}
 527              	.L24:
ARM GAS  C:\Users\ASUS\AppData\Local\Temp\ccyY8BNI.s 			page 15


 528              		.align	2
 529              	.L23:
 530 0094 00000000 		.word	htim2
 531              		.cfi_endproc
 532              	.LFE70:
 534              		.section	.text.MX_TIM3_Init,"ax",%progbits
 535              		.align	1
 536              		.syntax unified
 537              		.thumb
 538              		.thumb_func
 540              	MX_TIM3_Init:
 541              	.LFB71:
 269:./Core/Src/main.c **** 
 270:./Core/Src/main.c **** /**
 271:./Core/Src/main.c ****   * @brief TIM3 Initialization Function
 272:./Core/Src/main.c ****   * @param None
 273:./Core/Src/main.c ****   * @retval None
 274:./Core/Src/main.c ****   */
 275:./Core/Src/main.c **** static void MX_TIM3_Init(void)
 276:./Core/Src/main.c **** {
 542              		.loc 1 276 1
 543              		.cfi_startproc
 544              		@ args = 0, pretend = 0, frame = 56
 545              		@ frame_needed = 1, uses_anonymous_args = 0
 546 0000 80B5     		push	{r7, lr}
 547              		.cfi_def_cfa_offset 8
 548              		.cfi_offset 7, -8
 549              		.cfi_offset 14, -4
 550 0002 8EB0     		sub	sp, sp, #56
 551              		.cfi_def_cfa_offset 64
 552 0004 00AF     		add	r7, sp, #0
 553              		.cfi_def_cfa_register 7
 277:./Core/Src/main.c **** 
 278:./Core/Src/main.c ****   /* USER CODE BEGIN TIM3_Init 0 */
 279:./Core/Src/main.c **** 
 280:./Core/Src/main.c ****   /* USER CODE END TIM3_Init 0 */
 281:./Core/Src/main.c **** 
 282:./Core/Src/main.c ****   TIM_ClockConfigTypeDef sClockSourceConfig = {0};
 554              		.loc 1 282 26
 555 0006 07F12803 		add	r3, r7, #40
 556 000a 0022     		movs	r2, #0
 557 000c 1A60     		str	r2, [r3]
 558 000e 5A60     		str	r2, [r3, #4]
 559 0010 9A60     		str	r2, [r3, #8]
 560 0012 DA60     		str	r2, [r3, #12]
 283:./Core/Src/main.c ****   TIM_MasterConfigTypeDef sMasterConfig = {0};
 561              		.loc 1 283 27
 562 0014 07F12003 		add	r3, r7, #32
 563 0018 0022     		movs	r2, #0
 564 001a 1A60     		str	r2, [r3]
 565 001c 5A60     		str	r2, [r3, #4]
 284:./Core/Src/main.c ****   TIM_OC_InitTypeDef sConfigOC = {0};
 566              		.loc 1 284 22
 567 001e 3B1D     		adds	r3, r7, #4
 568 0020 0022     		movs	r2, #0
 569 0022 1A60     		str	r2, [r3]
 570 0024 5A60     		str	r2, [r3, #4]
ARM GAS  C:\Users\ASUS\AppData\Local\Temp\ccyY8BNI.s 			page 16


 571 0026 9A60     		str	r2, [r3, #8]
 572 0028 DA60     		str	r2, [r3, #12]
 573 002a 1A61     		str	r2, [r3, #16]
 574 002c 5A61     		str	r2, [r3, #20]
 575 002e 9A61     		str	r2, [r3, #24]
 285:./Core/Src/main.c **** 
 286:./Core/Src/main.c ****   /* USER CODE BEGIN TIM3_Init 1 */
 287:./Core/Src/main.c **** 
 288:./Core/Src/main.c ****   /* USER CODE END TIM3_Init 1 */
 289:./Core/Src/main.c ****   htim3.Instance = TIM3;
 576              		.loc 1 289 18
 577 0030 2C4B     		ldr	r3, .L31
 578 0032 2D4A     		ldr	r2, .L31+4
 579 0034 1A60     		str	r2, [r3]
 290:./Core/Src/main.c ****   htim3.Init.Prescaler = 63;
 580              		.loc 1 290 24
 581 0036 2B4B     		ldr	r3, .L31
 582 0038 3F22     		movs	r2, #63
 583 003a 5A60     		str	r2, [r3, #4]
 291:./Core/Src/main.c ****   htim3.Init.CounterMode = TIM_COUNTERMODE_UP;
 584              		.loc 1 291 26
 585 003c 294B     		ldr	r3, .L31
 586 003e 0022     		movs	r2, #0
 587 0040 9A60     		str	r2, [r3, #8]
 292:./Core/Src/main.c ****   htim3.Init.Period = 999;
 588              		.loc 1 292 21
 589 0042 284B     		ldr	r3, .L31
 590 0044 40F2E732 		movw	r2, #999
 591 0048 DA60     		str	r2, [r3, #12]
 293:./Core/Src/main.c ****   htim3.Init.ClockDivision = TIM_CLOCKDIVISION_DIV1;
 592              		.loc 1 293 28
 593 004a 264B     		ldr	r3, .L31
 594 004c 0022     		movs	r2, #0
 595 004e 1A61     		str	r2, [r3, #16]
 294:./Core/Src/main.c ****   htim3.Init.AutoReloadPreload = TIM_AUTORELOAD_PRELOAD_DISABLE;
 596              		.loc 1 294 32
 597 0050 244B     		ldr	r3, .L31
 598 0052 0022     		movs	r2, #0
 599 0054 9A61     		str	r2, [r3, #24]
 295:./Core/Src/main.c ****   if (HAL_TIM_Base_Init(&htim3) != HAL_OK)
 600              		.loc 1 295 7
 601 0056 2348     		ldr	r0, .L31
 602 0058 FFF7FEFF 		bl	HAL_TIM_Base_Init
 603 005c 0346     		mov	r3, r0
 604              		.loc 1 295 6
 605 005e 002B     		cmp	r3, #0
 606 0060 01D0     		beq	.L26
 296:./Core/Src/main.c ****   {
 297:./Core/Src/main.c ****     Error_Handler();
 607              		.loc 1 297 5
 608 0062 FFF7FEFF 		bl	Error_Handler
 609              	.L26:
 298:./Core/Src/main.c ****   }
 299:./Core/Src/main.c ****   sClockSourceConfig.ClockSource = TIM_CLOCKSOURCE_INTERNAL;
 610              		.loc 1 299 34
 611 0066 4FF48053 		mov	r3, #4096
 612 006a BB62     		str	r3, [r7, #40]
ARM GAS  C:\Users\ASUS\AppData\Local\Temp\ccyY8BNI.s 			page 17


 300:./Core/Src/main.c ****   if (HAL_TIM_ConfigClockSource(&htim3, &sClockSourceConfig) != HAL_OK)
 613              		.loc 1 300 7
 614 006c 07F12803 		add	r3, r7, #40
 615 0070 1946     		mov	r1, r3
 616 0072 1C48     		ldr	r0, .L31
 617 0074 FFF7FEFF 		bl	HAL_TIM_ConfigClockSource
 618 0078 0346     		mov	r3, r0
 619              		.loc 1 300 6
 620 007a 002B     		cmp	r3, #0
 621 007c 01D0     		beq	.L27
 301:./Core/Src/main.c ****   {
 302:./Core/Src/main.c ****     Error_Handler();
 622              		.loc 1 302 5
 623 007e FFF7FEFF 		bl	Error_Handler
 624              	.L27:
 303:./Core/Src/main.c ****   }
 304:./Core/Src/main.c ****   if (HAL_TIM_PWM_Init(&htim3) != HAL_OK)
 625              		.loc 1 304 7
 626 0082 1848     		ldr	r0, .L31
 627 0084 FFF7FEFF 		bl	HAL_TIM_PWM_Init
 628 0088 0346     		mov	r3, r0
 629              		.loc 1 304 6
 630 008a 002B     		cmp	r3, #0
 631 008c 01D0     		beq	.L28
 305:./Core/Src/main.c ****   {
 306:./Core/Src/main.c ****     Error_Handler();
 632              		.loc 1 306 5
 633 008e FFF7FEFF 		bl	Error_Handler
 634              	.L28:
 307:./Core/Src/main.c ****   }
 308:./Core/Src/main.c ****   sMasterConfig.MasterOutputTrigger = TIM_TRGO_RESET;
 635              		.loc 1 308 37
 636 0092 0023     		movs	r3, #0
 637 0094 3B62     		str	r3, [r7, #32]
 309:./Core/Src/main.c ****   sMasterConfig.MasterSlaveMode = TIM_MASTERSLAVEMODE_DISABLE;
 638              		.loc 1 309 33
 639 0096 0023     		movs	r3, #0
 640 0098 7B62     		str	r3, [r7, #36]
 310:./Core/Src/main.c ****   if (HAL_TIMEx_MasterConfigSynchronization(&htim3, &sMasterConfig) != HAL_OK)
 641              		.loc 1 310 7
 642 009a 07F12003 		add	r3, r7, #32
 643 009e 1946     		mov	r1, r3
 644 00a0 1048     		ldr	r0, .L31
 645 00a2 FFF7FEFF 		bl	HAL_TIMEx_MasterConfigSynchronization
 646 00a6 0346     		mov	r3, r0
 647              		.loc 1 310 6
 648 00a8 002B     		cmp	r3, #0
 649 00aa 01D0     		beq	.L29
 311:./Core/Src/main.c ****   {
 312:./Core/Src/main.c ****     Error_Handler();
 650              		.loc 1 312 5
 651 00ac FFF7FEFF 		bl	Error_Handler
 652              	.L29:
 313:./Core/Src/main.c ****   }
 314:./Core/Src/main.c ****   sConfigOC.OCMode = TIM_OCMODE_PWM1;
 653              		.loc 1 314 20
 654 00b0 6023     		movs	r3, #96
ARM GAS  C:\Users\ASUS\AppData\Local\Temp\ccyY8BNI.s 			page 18


 655 00b2 7B60     		str	r3, [r7, #4]
 315:./Core/Src/main.c ****   sConfigOC.Pulse = 0;
 656              		.loc 1 315 19
 657 00b4 0023     		movs	r3, #0
 658 00b6 BB60     		str	r3, [r7, #8]
 316:./Core/Src/main.c ****   sConfigOC.OCPolarity = TIM_OCPOLARITY_HIGH;
 659              		.loc 1 316 24
 660 00b8 0023     		movs	r3, #0
 661 00ba FB60     		str	r3, [r7, #12]
 317:./Core/Src/main.c ****   sConfigOC.OCFastMode = TIM_OCFAST_DISABLE;
 662              		.loc 1 317 24
 663 00bc 0023     		movs	r3, #0
 664 00be 7B61     		str	r3, [r7, #20]
 318:./Core/Src/main.c ****   if (HAL_TIM_PWM_ConfigChannel(&htim3, &sConfigOC, TIM_CHANNEL_1) != HAL_OK)
 665              		.loc 1 318 7
 666 00c0 3B1D     		adds	r3, r7, #4
 667 00c2 0022     		movs	r2, #0
 668 00c4 1946     		mov	r1, r3
 669 00c6 0748     		ldr	r0, .L31
 670 00c8 FFF7FEFF 		bl	HAL_TIM_PWM_ConfigChannel
 671 00cc 0346     		mov	r3, r0
 672              		.loc 1 318 6
 673 00ce 002B     		cmp	r3, #0
 674 00d0 01D0     		beq	.L30
 319:./Core/Src/main.c ****   {
 320:./Core/Src/main.c ****     Error_Handler();
 675              		.loc 1 320 5
 676 00d2 FFF7FEFF 		bl	Error_Handler
 677              	.L30:
 321:./Core/Src/main.c ****   }
 322:./Core/Src/main.c ****   /* USER CODE BEGIN TIM3_Init 2 */
 323:./Core/Src/main.c **** 
 324:./Core/Src/main.c ****   /* USER CODE END TIM3_Init 2 */
 325:./Core/Src/main.c ****   HAL_TIM_MspPostInit(&htim3);
 678              		.loc 1 325 3
 679 00d6 0348     		ldr	r0, .L31
 680 00d8 FFF7FEFF 		bl	HAL_TIM_MspPostInit
 326:./Core/Src/main.c **** 
 327:./Core/Src/main.c **** }
 681              		.loc 1 327 1
 682 00dc 00BF     		nop
 683 00de 3837     		adds	r7, r7, #56
 684              		.cfi_def_cfa_offset 8
 685 00e0 BD46     		mov	sp, r7
 686              		.cfi_def_cfa_register 13
 687              		@ sp needed
 688 00e2 80BD     		pop	{r7, pc}
 689              	.L32:
 690              		.align	2
 691              	.L31:
 692 00e4 00000000 		.word	htim3
 693 00e8 00040040 		.word	1073742848
 694              		.cfi_endproc
 695              	.LFE71:
 697              		.section	.text.MX_USART2_UART_Init,"ax",%progbits
 698              		.align	1
 699              		.syntax unified
ARM GAS  C:\Users\ASUS\AppData\Local\Temp\ccyY8BNI.s 			page 19


 700              		.thumb
 701              		.thumb_func
 703              	MX_USART2_UART_Init:
 704              	.LFB72:
 328:./Core/Src/main.c **** 
 329:./Core/Src/main.c **** /**
 330:./Core/Src/main.c ****   * @brief USART2 Initialization Function
 331:./Core/Src/main.c ****   * @param None
 332:./Core/Src/main.c ****   * @retval None
 333:./Core/Src/main.c ****   */
 334:./Core/Src/main.c **** static void MX_USART2_UART_Init(void)
 335:./Core/Src/main.c **** {
 705              		.loc 1 335 1
 706              		.cfi_startproc
 707              		@ args = 0, pretend = 0, frame = 0
 708              		@ frame_needed = 1, uses_anonymous_args = 0
 709 0000 80B5     		push	{r7, lr}
 710              		.cfi_def_cfa_offset 8
 711              		.cfi_offset 7, -8
 712              		.cfi_offset 14, -4
 713 0002 00AF     		add	r7, sp, #0
 714              		.cfi_def_cfa_register 7
 336:./Core/Src/main.c **** 
 337:./Core/Src/main.c ****   /* USER CODE BEGIN USART2_Init 0 */
 338:./Core/Src/main.c **** 
 339:./Core/Src/main.c ****   /* USER CODE END USART2_Init 0 */
 340:./Core/Src/main.c **** 
 341:./Core/Src/main.c ****   /* USER CODE BEGIN USART2_Init 1 */
 342:./Core/Src/main.c **** 
 343:./Core/Src/main.c ****   /* USER CODE END USART2_Init 1 */
 344:./Core/Src/main.c ****   huart2.Instance = USART2;
 715              		.loc 1 344 19
 716 0004 114B     		ldr	r3, .L36
 717 0006 124A     		ldr	r2, .L36+4
 718 0008 1A60     		str	r2, [r3]
 345:./Core/Src/main.c ****   huart2.Init.BaudRate = 115200;
 719              		.loc 1 345 24
 720 000a 104B     		ldr	r3, .L36
 721 000c 4FF4E132 		mov	r2, #115200
 722 0010 5A60     		str	r2, [r3, #4]
 346:./Core/Src/main.c ****   huart2.Init.WordLength = UART_WORDLENGTH_8B;
 723              		.loc 1 346 26
 724 0012 0E4B     		ldr	r3, .L36
 725 0014 0022     		movs	r2, #0
 726 0016 9A60     		str	r2, [r3, #8]
 347:./Core/Src/main.c ****   huart2.Init.StopBits = UART_STOPBITS_1;
 727              		.loc 1 347 24
 728 0018 0C4B     		ldr	r3, .L36
 729 001a 0022     		movs	r2, #0
 730 001c DA60     		str	r2, [r3, #12]
 348:./Core/Src/main.c ****   huart2.Init.Parity = UART_PARITY_NONE;
 731              		.loc 1 348 22
 732 001e 0B4B     		ldr	r3, .L36
 733 0020 0022     		movs	r2, #0
 734 0022 1A61     		str	r2, [r3, #16]
 349:./Core/Src/main.c ****   huart2.Init.Mode = UART_MODE_TX_RX;
 735              		.loc 1 349 20
ARM GAS  C:\Users\ASUS\AppData\Local\Temp\ccyY8BNI.s 			page 20


 736 0024 094B     		ldr	r3, .L36
 737 0026 0C22     		movs	r2, #12
 738 0028 5A61     		str	r2, [r3, #20]
 350:./Core/Src/main.c ****   huart2.Init.HwFlowCtl = UART_HWCONTROL_NONE;
 739              		.loc 1 350 25
 740 002a 084B     		ldr	r3, .L36
 741 002c 0022     		movs	r2, #0
 742 002e 9A61     		str	r2, [r3, #24]
 351:./Core/Src/main.c ****   huart2.Init.OverSampling = UART_OVERSAMPLING_16;
 743              		.loc 1 351 28
 744 0030 064B     		ldr	r3, .L36
 745 0032 0022     		movs	r2, #0
 746 0034 DA61     		str	r2, [r3, #28]
 352:./Core/Src/main.c ****   if (HAL_UART_Init(&huart2) != HAL_OK)
 747              		.loc 1 352 7
 748 0036 0548     		ldr	r0, .L36
 749 0038 FFF7FEFF 		bl	HAL_UART_Init
 750 003c 0346     		mov	r3, r0
 751              		.loc 1 352 6
 752 003e 002B     		cmp	r3, #0
 753 0040 01D0     		beq	.L35
 353:./Core/Src/main.c ****   {
 354:./Core/Src/main.c ****     Error_Handler();
 754              		.loc 1 354 5
 755 0042 FFF7FEFF 		bl	Error_Handler
 756              	.L35:
 355:./Core/Src/main.c ****   }
 356:./Core/Src/main.c ****   /* USER CODE BEGIN USART2_Init 2 */
 357:./Core/Src/main.c **** 
 358:./Core/Src/main.c ****   /* USER CODE END USART2_Init 2 */
 359:./Core/Src/main.c **** 
 360:./Core/Src/main.c **** }
 757              		.loc 1 360 1
 758 0046 00BF     		nop
 759 0048 80BD     		pop	{r7, pc}
 760              	.L37:
 761 004a 00BF     		.align	2
 762              	.L36:
 763 004c 00000000 		.word	huart2
 764 0050 00440040 		.word	1073759232
 765              		.cfi_endproc
 766              	.LFE72:
 768              		.section	.text.MX_GPIO_Init,"ax",%progbits
 769              		.align	1
 770              		.syntax unified
 771              		.thumb
 772              		.thumb_func
 774              	MX_GPIO_Init:
 775              	.LFB73:
 361:./Core/Src/main.c **** 
 362:./Core/Src/main.c **** /**
 363:./Core/Src/main.c ****   * @brief GPIO Initialization Function
 364:./Core/Src/main.c ****   * @param None
 365:./Core/Src/main.c ****   * @retval None
 366:./Core/Src/main.c ****   */
 367:./Core/Src/main.c **** static void MX_GPIO_Init(void)
 368:./Core/Src/main.c **** {
ARM GAS  C:\Users\ASUS\AppData\Local\Temp\ccyY8BNI.s 			page 21


 776              		.loc 1 368 1
 777              		.cfi_startproc
 778              		@ args = 0, pretend = 0, frame = 32
 779              		@ frame_needed = 1, uses_anonymous_args = 0
 780 0000 80B5     		push	{r7, lr}
 781              		.cfi_def_cfa_offset 8
 782              		.cfi_offset 7, -8
 783              		.cfi_offset 14, -4
 784 0002 88B0     		sub	sp, sp, #32
 785              		.cfi_def_cfa_offset 40
 786 0004 00AF     		add	r7, sp, #0
 787              		.cfi_def_cfa_register 7
 369:./Core/Src/main.c ****   GPIO_InitTypeDef GPIO_InitStruct = {0};
 788              		.loc 1 369 20
 789 0006 07F11003 		add	r3, r7, #16
 790 000a 0022     		movs	r2, #0
 791 000c 1A60     		str	r2, [r3]
 792 000e 5A60     		str	r2, [r3, #4]
 793 0010 9A60     		str	r2, [r3, #8]
 794 0012 DA60     		str	r2, [r3, #12]
 795              	.LBB6:
 370:./Core/Src/main.c **** 
 371:./Core/Src/main.c ****   /* GPIO Ports Clock Enable */
 372:./Core/Src/main.c ****   __HAL_RCC_GPIOC_CLK_ENABLE();
 796              		.loc 1 372 3
 797 0014 454B     		ldr	r3, .L39
 798 0016 9B69     		ldr	r3, [r3, #24]
 799 0018 444A     		ldr	r2, .L39
 800 001a 43F01003 		orr	r3, r3, #16
 801 001e 9361     		str	r3, [r2, #24]
 802 0020 424B     		ldr	r3, .L39
 803 0022 9B69     		ldr	r3, [r3, #24]
 804 0024 03F01003 		and	r3, r3, #16
 805 0028 FB60     		str	r3, [r7, #12]
 806 002a FB68     		ldr	r3, [r7, #12]
 807              	.LBE6:
 808              	.LBB7:
 373:./Core/Src/main.c ****   __HAL_RCC_GPIOD_CLK_ENABLE();
 809              		.loc 1 373 3
 810 002c 3F4B     		ldr	r3, .L39
 811 002e 9B69     		ldr	r3, [r3, #24]
 812 0030 3E4A     		ldr	r2, .L39
 813 0032 43F02003 		orr	r3, r3, #32
 814 0036 9361     		str	r3, [r2, #24]
 815 0038 3C4B     		ldr	r3, .L39
 816 003a 9B69     		ldr	r3, [r3, #24]
 817 003c 03F02003 		and	r3, r3, #32
 818 0040 BB60     		str	r3, [r7, #8]
 819 0042 BB68     		ldr	r3, [r7, #8]
 820              	.LBE7:
 821              	.LBB8:
 374:./Core/Src/main.c ****   __HAL_RCC_GPIOA_CLK_ENABLE();
 822              		.loc 1 374 3
 823 0044 394B     		ldr	r3, .L39
 824 0046 9B69     		ldr	r3, [r3, #24]
 825 0048 384A     		ldr	r2, .L39
 826 004a 43F00403 		orr	r3, r3, #4
ARM GAS  C:\Users\ASUS\AppData\Local\Temp\ccyY8BNI.s 			page 22


 827 004e 9361     		str	r3, [r2, #24]
 828 0050 364B     		ldr	r3, .L39
 829 0052 9B69     		ldr	r3, [r3, #24]
 830 0054 03F00403 		and	r3, r3, #4
 831 0058 7B60     		str	r3, [r7, #4]
 832 005a 7B68     		ldr	r3, [r7, #4]
 833              	.LBE8:
 834              	.LBB9:
 375:./Core/Src/main.c ****   __HAL_RCC_GPIOB_CLK_ENABLE();
 835              		.loc 1 375 3
 836 005c 334B     		ldr	r3, .L39
 837 005e 9B69     		ldr	r3, [r3, #24]
 838 0060 324A     		ldr	r2, .L39
 839 0062 43F00803 		orr	r3, r3, #8
 840 0066 9361     		str	r3, [r2, #24]
 841 0068 304B     		ldr	r3, .L39
 842 006a 9B69     		ldr	r3, [r3, #24]
 843 006c 03F00803 		and	r3, r3, #8
 844 0070 3B60     		str	r3, [r7]
 845 0072 3B68     		ldr	r3, [r7]
 846              	.LBE9:
 376:./Core/Src/main.c **** 
 377:./Core/Src/main.c ****   /*Configure GPIO pin Output Level */
 378:./Core/Src/main.c ****   HAL_GPIO_WritePin(GPIOA, LD2_Pin|LED3B_Pin|LED1A_Pin, GPIO_PIN_RESET);
 847              		.loc 1 378 3
 848 0074 0022     		movs	r2, #0
 849 0076 4FF4A461 		mov	r1, #1312
 850 007a 2D48     		ldr	r0, .L39+4
 851 007c FFF7FEFF 		bl	HAL_GPIO_WritePin
 379:./Core/Src/main.c **** 
 380:./Core/Src/main.c ****   /*Configure GPIO pin Output Level */
 381:./Core/Src/main.c ****   HAL_GPIO_WritePin(GPIOB, LED_RED1_Pin|LED3A_Pin|LED_YELLOW1_Pin|LED_GREEN1_Pin
 852              		.loc 1 381 3
 853 0080 0022     		movs	r2, #0
 854 0082 4FF6BC71 		movw	r1, #65468
 855 0086 2B48     		ldr	r0, .L39+8
 856 0088 FFF7FEFF 		bl	HAL_GPIO_WritePin
 382:./Core/Src/main.c ****                           |LED_RED2_Pin|LED_YELLOW2_Pin|LED_GREEN2_Pin|LED1B_Pin
 383:./Core/Src/main.c ****                           |LED2B_Pin|LED2A_Pin|LED_RED3_Pin|LED_YELLOW3_Pin
 384:./Core/Src/main.c ****                           |LED_GREEN3_Pin, GPIO_PIN_RESET);
 385:./Core/Src/main.c **** 
 386:./Core/Src/main.c ****   /*Configure GPIO pin : B1_Pin */
 387:./Core/Src/main.c ****   GPIO_InitStruct.Pin = B1_Pin;
 857              		.loc 1 387 23
 858 008c 4FF40053 		mov	r3, #8192
 859 0090 3B61     		str	r3, [r7, #16]
 388:./Core/Src/main.c ****   GPIO_InitStruct.Mode = GPIO_MODE_IT_RISING;
 860              		.loc 1 388 24
 861 0092 294B     		ldr	r3, .L39+12
 862 0094 7B61     		str	r3, [r7, #20]
 389:./Core/Src/main.c ****   GPIO_InitStruct.Pull = GPIO_PULLUP;
 863              		.loc 1 389 24
 864 0096 0123     		movs	r3, #1
 865 0098 BB61     		str	r3, [r7, #24]
 390:./Core/Src/main.c ****   HAL_GPIO_Init(B1_GPIO_Port, &GPIO_InitStruct);
 866              		.loc 1 390 3
 867 009a 07F11003 		add	r3, r7, #16
ARM GAS  C:\Users\ASUS\AppData\Local\Temp\ccyY8BNI.s 			page 23


 868 009e 1946     		mov	r1, r3
 869 00a0 2648     		ldr	r0, .L39+16
 870 00a2 FFF7FEFF 		bl	HAL_GPIO_Init
 391:./Core/Src/main.c **** 
 392:./Core/Src/main.c ****   /*Configure GPIO pins : BUTTONUSER_Pin BUTTON1_Pin BUTTON2_Pin */
 393:./Core/Src/main.c ****   GPIO_InitStruct.Pin = BUTTONUSER_Pin|BUTTON1_Pin|BUTTON2_Pin;
 871              		.loc 1 393 23
 872 00a6 1323     		movs	r3, #19
 873 00a8 3B61     		str	r3, [r7, #16]
 394:./Core/Src/main.c ****   GPIO_InitStruct.Mode = GPIO_MODE_INPUT;
 874              		.loc 1 394 24
 875 00aa 0023     		movs	r3, #0
 876 00ac 7B61     		str	r3, [r7, #20]
 395:./Core/Src/main.c ****   GPIO_InitStruct.Pull = GPIO_PULLUP;
 877              		.loc 1 395 24
 878 00ae 0123     		movs	r3, #1
 879 00b0 BB61     		str	r3, [r7, #24]
 396:./Core/Src/main.c ****   HAL_GPIO_Init(GPIOA, &GPIO_InitStruct);
 880              		.loc 1 396 3
 881 00b2 07F11003 		add	r3, r7, #16
 882 00b6 1946     		mov	r1, r3
 883 00b8 1D48     		ldr	r0, .L39+4
 884 00ba FFF7FEFF 		bl	HAL_GPIO_Init
 397:./Core/Src/main.c **** 
 398:./Core/Src/main.c ****   /*Configure GPIO pins : LD2_Pin LED3B_Pin LED1A_Pin */
 399:./Core/Src/main.c ****   GPIO_InitStruct.Pin = LD2_Pin|LED3B_Pin|LED1A_Pin;
 885              		.loc 1 399 23
 886 00be 4FF4A463 		mov	r3, #1312
 887 00c2 3B61     		str	r3, [r7, #16]
 400:./Core/Src/main.c ****   GPIO_InitStruct.Mode = GPIO_MODE_OUTPUT_PP;
 888              		.loc 1 400 24
 889 00c4 0123     		movs	r3, #1
 890 00c6 7B61     		str	r3, [r7, #20]
 401:./Core/Src/main.c ****   GPIO_InitStruct.Pull = GPIO_NOPULL;
 891              		.loc 1 401 24
 892 00c8 0023     		movs	r3, #0
 893 00ca BB61     		str	r3, [r7, #24]
 402:./Core/Src/main.c ****   GPIO_InitStruct.Speed = GPIO_SPEED_FREQ_LOW;
 894              		.loc 1 402 25
 895 00cc 0223     		movs	r3, #2
 896 00ce FB61     		str	r3, [r7, #28]
 403:./Core/Src/main.c ****   HAL_GPIO_Init(GPIOA, &GPIO_InitStruct);
 897              		.loc 1 403 3
 898 00d0 07F11003 		add	r3, r7, #16
 899 00d4 1946     		mov	r1, r3
 900 00d6 1648     		ldr	r0, .L39+4
 901 00d8 FFF7FEFF 		bl	HAL_GPIO_Init
 404:./Core/Src/main.c **** 
 405:./Core/Src/main.c ****   /*Configure GPIO pin : BUTTON3_Pin */
 406:./Core/Src/main.c ****   GPIO_InitStruct.Pin = BUTTON3_Pin;
 902              		.loc 1 406 23
 903 00dc 0123     		movs	r3, #1
 904 00de 3B61     		str	r3, [r7, #16]
 407:./Core/Src/main.c ****   GPIO_InitStruct.Mode = GPIO_MODE_INPUT;
 905              		.loc 1 407 24
 906 00e0 0023     		movs	r3, #0
 907 00e2 7B61     		str	r3, [r7, #20]
ARM GAS  C:\Users\ASUS\AppData\Local\Temp\ccyY8BNI.s 			page 24


 408:./Core/Src/main.c ****   GPIO_InitStruct.Pull = GPIO_PULLUP;
 908              		.loc 1 408 24
 909 00e4 0123     		movs	r3, #1
 910 00e6 BB61     		str	r3, [r7, #24]
 409:./Core/Src/main.c ****   HAL_GPIO_Init(BUTTON3_GPIO_Port, &GPIO_InitStruct);
 911              		.loc 1 409 3
 912 00e8 07F11003 		add	r3, r7, #16
 913 00ec 1946     		mov	r1, r3
 914 00ee 1148     		ldr	r0, .L39+8
 915 00f0 FFF7FEFF 		bl	HAL_GPIO_Init
 410:./Core/Src/main.c **** 
 411:./Core/Src/main.c ****   /*Configure GPIO pins : LED_RED1_Pin LED3A_Pin LED_YELLOW1_Pin LED_GREEN1_Pin
 412:./Core/Src/main.c ****                            LED_RED2_Pin LED_YELLOW2_Pin LED_GREEN2_Pin LED1B_Pin
 413:./Core/Src/main.c ****                            LED2B_Pin LED2A_Pin LED_RED3_Pin LED_YELLOW3_Pin
 414:./Core/Src/main.c ****                            LED_GREEN3_Pin */
 415:./Core/Src/main.c ****   GPIO_InitStruct.Pin = LED_RED1_Pin|LED3A_Pin|LED_YELLOW1_Pin|LED_GREEN1_Pin
 916              		.loc 1 415 23
 917 00f4 4FF6BC73 		movw	r3, #65468
 918 00f8 3B61     		str	r3, [r7, #16]
 416:./Core/Src/main.c ****                           |LED_RED2_Pin|LED_YELLOW2_Pin|LED_GREEN2_Pin|LED1B_Pin
 417:./Core/Src/main.c ****                           |LED2B_Pin|LED2A_Pin|LED_RED3_Pin|LED_YELLOW3_Pin
 418:./Core/Src/main.c ****                           |LED_GREEN3_Pin;
 419:./Core/Src/main.c ****   GPIO_InitStruct.Mode = GPIO_MODE_OUTPUT_PP;
 919              		.loc 1 419 24
 920 00fa 0123     		movs	r3, #1
 921 00fc 7B61     		str	r3, [r7, #20]
 420:./Core/Src/main.c ****   GPIO_InitStruct.Pull = GPIO_NOPULL;
 922              		.loc 1 420 24
 923 00fe 0023     		movs	r3, #0
 924 0100 BB61     		str	r3, [r7, #24]
 421:./Core/Src/main.c ****   GPIO_InitStruct.Speed = GPIO_SPEED_FREQ_LOW;
 925              		.loc 1 421 25
 926 0102 0223     		movs	r3, #2
 927 0104 FB61     		str	r3, [r7, #28]
 422:./Core/Src/main.c ****   HAL_GPIO_Init(GPIOB, &GPIO_InitStruct);
 928              		.loc 1 422 3
 929 0106 07F11003 		add	r3, r7, #16
 930 010a 1946     		mov	r1, r3
 931 010c 0948     		ldr	r0, .L39+8
 932 010e FFF7FEFF 		bl	HAL_GPIO_Init
 423:./Core/Src/main.c **** 
 424:./Core/Src/main.c ****   /* EXTI interrupt init*/
 425:./Core/Src/main.c ****   HAL_NVIC_SetPriority(EXTI15_10_IRQn, 0, 0);
 933              		.loc 1 425 3
 934 0112 0022     		movs	r2, #0
 935 0114 0021     		movs	r1, #0
 936 0116 2820     		movs	r0, #40
 937 0118 FFF7FEFF 		bl	HAL_NVIC_SetPriority
 426:./Core/Src/main.c ****   HAL_NVIC_EnableIRQ(EXTI15_10_IRQn);
 938              		.loc 1 426 3
 939 011c 2820     		movs	r0, #40
 940 011e FFF7FEFF 		bl	HAL_NVIC_EnableIRQ
 427:./Core/Src/main.c **** 
 428:./Core/Src/main.c **** }
 941              		.loc 1 428 1
 942 0122 00BF     		nop
 943 0124 2037     		adds	r7, r7, #32
ARM GAS  C:\Users\ASUS\AppData\Local\Temp\ccyY8BNI.s 			page 25


 944              		.cfi_def_cfa_offset 8
 945 0126 BD46     		mov	sp, r7
 946              		.cfi_def_cfa_register 13
 947              		@ sp needed
 948 0128 80BD     		pop	{r7, pc}
 949              	.L40:
 950 012a 00BF     		.align	2
 951              	.L39:
 952 012c 00100240 		.word	1073876992
 953 0130 00080140 		.word	1073809408
 954 0134 000C0140 		.word	1073810432
 955 0138 00001110 		.word	269549568
 956 013c 00100140 		.word	1073811456
 957              		.cfi_endproc
 958              	.LFE73:
 960              		.section	.text.HAL_TIM_PeriodElapsedCallback,"ax",%progbits
 961              		.align	1
 962              		.global	HAL_TIM_PeriodElapsedCallback
 963              		.syntax unified
 964              		.thumb
 965              		.thumb_func
 967              	HAL_TIM_PeriodElapsedCallback:
 968              	.LFB74:
 429:./Core/Src/main.c **** 
 430:./Core/Src/main.c **** /* USER CODE BEGIN 4 */
 431:./Core/Src/main.c **** void HAL_TIM_PeriodElapsedCallback(TIM_HandleTypeDef *htim){
 969              		.loc 1 431 60
 970              		.cfi_startproc
 971              		@ args = 0, pretend = 0, frame = 8
 972              		@ frame_needed = 1, uses_anonymous_args = 0
 973 0000 80B5     		push	{r7, lr}
 974              		.cfi_def_cfa_offset 8
 975              		.cfi_offset 7, -8
 976              		.cfi_offset 14, -4
 977 0002 82B0     		sub	sp, sp, #8
 978              		.cfi_def_cfa_offset 16
 979 0004 00AF     		add	r7, sp, #0
 980              		.cfi_def_cfa_register 7
 981 0006 7860     		str	r0, [r7, #4]
 432:./Core/Src/main.c **** 	timerRun();
 982              		.loc 1 432 2
 983 0008 FFF7FEFF 		bl	timerRun
 433:./Core/Src/main.c **** 	getKeyInput1();
 984              		.loc 1 433 2
 985 000c FFF7FEFF 		bl	getKeyInput1
 434:./Core/Src/main.c **** 	getKeyInput2();
 986              		.loc 1 434 2
 987 0010 FFF7FEFF 		bl	getKeyInput2
 435:./Core/Src/main.c **** 	getKeyInput3();
 988              		.loc 1 435 2
 989 0014 FFF7FEFF 		bl	getKeyInput3
 436:./Core/Src/main.c **** 	getKeyInput4();
 990              		.loc 1 436 2
 991 0018 FFF7FEFF 		bl	getKeyInput4
 437:./Core/Src/main.c **** }
 992              		.loc 1 437 1
 993 001c 00BF     		nop
ARM GAS  C:\Users\ASUS\AppData\Local\Temp\ccyY8BNI.s 			page 26


 994 001e 0837     		adds	r7, r7, #8
 995              		.cfi_def_cfa_offset 8
 996 0020 BD46     		mov	sp, r7
 997              		.cfi_def_cfa_register 13
 998              		@ sp needed
 999 0022 80BD     		pop	{r7, pc}
 1000              		.cfi_endproc
 1001              	.LFE74:
 1003              		.section	.text.Error_Handler,"ax",%progbits
 1004              		.align	1
 1005              		.global	Error_Handler
 1006              		.syntax unified
 1007              		.thumb
 1008              		.thumb_func
 1010              	Error_Handler:
 1011              	.LFB75:
 438:./Core/Src/main.c **** /* USER CODE END 4 */
 439:./Core/Src/main.c **** 
 440:./Core/Src/main.c **** /**
 441:./Core/Src/main.c ****   * @brief  This function is executed in case of error occurrence.
 442:./Core/Src/main.c ****   * @retval None
 443:./Core/Src/main.c ****   */
 444:./Core/Src/main.c **** void Error_Handler(void)
 445:./Core/Src/main.c **** {
 1012              		.loc 1 445 1
 1013              		.cfi_startproc
 1014              		@ args = 0, pretend = 0, frame = 0
 1015              		@ frame_needed = 1, uses_anonymous_args = 0
 1016              		@ link register save eliminated.
 1017 0000 80B4     		push	{r7}
 1018              		.cfi_def_cfa_offset 4
 1019              		.cfi_offset 7, -4
 1020 0002 00AF     		add	r7, sp, #0
 1021              		.cfi_def_cfa_register 7
 1022              	.LBB10:
 1023              	.LBB11:
 1024              		.file 2 "Drivers/CMSIS/Include/cmsis_gcc.h"
   1:Drivers/CMSIS/Include/cmsis_gcc.h **** /**************************************************************************//**
   2:Drivers/CMSIS/Include/cmsis_gcc.h ****  * @file     cmsis_gcc.h
   3:Drivers/CMSIS/Include/cmsis_gcc.h ****  * @brief    CMSIS compiler GCC header file
   4:Drivers/CMSIS/Include/cmsis_gcc.h ****  * @version  V5.0.4
   5:Drivers/CMSIS/Include/cmsis_gcc.h ****  * @date     09. April 2018
   6:Drivers/CMSIS/Include/cmsis_gcc.h ****  ******************************************************************************/
   7:Drivers/CMSIS/Include/cmsis_gcc.h **** /*
   8:Drivers/CMSIS/Include/cmsis_gcc.h ****  * Copyright (c) 2009-2018 Arm Limited. All rights reserved.
   9:Drivers/CMSIS/Include/cmsis_gcc.h ****  *
  10:Drivers/CMSIS/Include/cmsis_gcc.h ****  * SPDX-License-Identifier: Apache-2.0
  11:Drivers/CMSIS/Include/cmsis_gcc.h ****  *
  12:Drivers/CMSIS/Include/cmsis_gcc.h ****  * Licensed under the Apache License, Version 2.0 (the License); you may
  13:Drivers/CMSIS/Include/cmsis_gcc.h ****  * not use this file except in compliance with the License.
  14:Drivers/CMSIS/Include/cmsis_gcc.h ****  * You may obtain a copy of the License at
  15:Drivers/CMSIS/Include/cmsis_gcc.h ****  *
  16:Drivers/CMSIS/Include/cmsis_gcc.h ****  * www.apache.org/licenses/LICENSE-2.0
  17:Drivers/CMSIS/Include/cmsis_gcc.h ****  *
  18:Drivers/CMSIS/Include/cmsis_gcc.h ****  * Unless required by applicable law or agreed to in writing, software
  19:Drivers/CMSIS/Include/cmsis_gcc.h ****  * distributed under the License is distributed on an AS IS BASIS, WITHOUT
  20:Drivers/CMSIS/Include/cmsis_gcc.h ****  * WARRANTIES OR CONDITIONS OF ANY KIND, either express or implied.
ARM GAS  C:\Users\ASUS\AppData\Local\Temp\ccyY8BNI.s 			page 27


  21:Drivers/CMSIS/Include/cmsis_gcc.h ****  * See the License for the specific language governing permissions and
  22:Drivers/CMSIS/Include/cmsis_gcc.h ****  * limitations under the License.
  23:Drivers/CMSIS/Include/cmsis_gcc.h ****  */
  24:Drivers/CMSIS/Include/cmsis_gcc.h **** 
  25:Drivers/CMSIS/Include/cmsis_gcc.h **** #ifndef __CMSIS_GCC_H
  26:Drivers/CMSIS/Include/cmsis_gcc.h **** #define __CMSIS_GCC_H
  27:Drivers/CMSIS/Include/cmsis_gcc.h **** 
  28:Drivers/CMSIS/Include/cmsis_gcc.h **** /* ignore some GCC warnings */
  29:Drivers/CMSIS/Include/cmsis_gcc.h **** #pragma GCC diagnostic push
  30:Drivers/CMSIS/Include/cmsis_gcc.h **** #pragma GCC diagnostic ignored "-Wsign-conversion"
  31:Drivers/CMSIS/Include/cmsis_gcc.h **** #pragma GCC diagnostic ignored "-Wconversion"
  32:Drivers/CMSIS/Include/cmsis_gcc.h **** #pragma GCC diagnostic ignored "-Wunused-parameter"
  33:Drivers/CMSIS/Include/cmsis_gcc.h **** 
  34:Drivers/CMSIS/Include/cmsis_gcc.h **** /* Fallback for __has_builtin */
  35:Drivers/CMSIS/Include/cmsis_gcc.h **** #ifndef __has_builtin
  36:Drivers/CMSIS/Include/cmsis_gcc.h ****   #define __has_builtin(x) (0)
  37:Drivers/CMSIS/Include/cmsis_gcc.h **** #endif
  38:Drivers/CMSIS/Include/cmsis_gcc.h **** 
  39:Drivers/CMSIS/Include/cmsis_gcc.h **** /* CMSIS compiler specific defines */
  40:Drivers/CMSIS/Include/cmsis_gcc.h **** #ifndef   __ASM
  41:Drivers/CMSIS/Include/cmsis_gcc.h ****   #define __ASM                                  __asm
  42:Drivers/CMSIS/Include/cmsis_gcc.h **** #endif
  43:Drivers/CMSIS/Include/cmsis_gcc.h **** #ifndef   __INLINE
  44:Drivers/CMSIS/Include/cmsis_gcc.h ****   #define __INLINE                               inline
  45:Drivers/CMSIS/Include/cmsis_gcc.h **** #endif
  46:Drivers/CMSIS/Include/cmsis_gcc.h **** #ifndef   __STATIC_INLINE
  47:Drivers/CMSIS/Include/cmsis_gcc.h ****   #define __STATIC_INLINE                        static inline
  48:Drivers/CMSIS/Include/cmsis_gcc.h **** #endif
  49:Drivers/CMSIS/Include/cmsis_gcc.h **** #ifndef   __STATIC_FORCEINLINE                 
  50:Drivers/CMSIS/Include/cmsis_gcc.h ****   #define __STATIC_FORCEINLINE                   __attribute__((always_inline)) static inline
  51:Drivers/CMSIS/Include/cmsis_gcc.h **** #endif                                           
  52:Drivers/CMSIS/Include/cmsis_gcc.h **** #ifndef   __NO_RETURN
  53:Drivers/CMSIS/Include/cmsis_gcc.h ****   #define __NO_RETURN                            __attribute__((__noreturn__))
  54:Drivers/CMSIS/Include/cmsis_gcc.h **** #endif
  55:Drivers/CMSIS/Include/cmsis_gcc.h **** #ifndef   __USED
  56:Drivers/CMSIS/Include/cmsis_gcc.h ****   #define __USED                                 __attribute__((used))
  57:Drivers/CMSIS/Include/cmsis_gcc.h **** #endif
  58:Drivers/CMSIS/Include/cmsis_gcc.h **** #ifndef   __WEAK
  59:Drivers/CMSIS/Include/cmsis_gcc.h ****   #define __WEAK                                 __attribute__((weak))
  60:Drivers/CMSIS/Include/cmsis_gcc.h **** #endif
  61:Drivers/CMSIS/Include/cmsis_gcc.h **** #ifndef   __PACKED
  62:Drivers/CMSIS/Include/cmsis_gcc.h ****   #define __PACKED                               __attribute__((packed, aligned(1)))
  63:Drivers/CMSIS/Include/cmsis_gcc.h **** #endif
  64:Drivers/CMSIS/Include/cmsis_gcc.h **** #ifndef   __PACKED_STRUCT
  65:Drivers/CMSIS/Include/cmsis_gcc.h ****   #define __PACKED_STRUCT                        struct __attribute__((packed, aligned(1)))
  66:Drivers/CMSIS/Include/cmsis_gcc.h **** #endif
  67:Drivers/CMSIS/Include/cmsis_gcc.h **** #ifndef   __PACKED_UNION
  68:Drivers/CMSIS/Include/cmsis_gcc.h ****   #define __PACKED_UNION                         union __attribute__((packed, aligned(1)))
  69:Drivers/CMSIS/Include/cmsis_gcc.h **** #endif
  70:Drivers/CMSIS/Include/cmsis_gcc.h **** #ifndef   __UNALIGNED_UINT32        /* deprecated */
  71:Drivers/CMSIS/Include/cmsis_gcc.h ****   #pragma GCC diagnostic push
  72:Drivers/CMSIS/Include/cmsis_gcc.h ****   #pragma GCC diagnostic ignored "-Wpacked"
  73:Drivers/CMSIS/Include/cmsis_gcc.h ****   #pragma GCC diagnostic ignored "-Wattributes"
  74:Drivers/CMSIS/Include/cmsis_gcc.h ****   struct __attribute__((packed)) T_UINT32 { uint32_t v; };
  75:Drivers/CMSIS/Include/cmsis_gcc.h ****   #pragma GCC diagnostic pop
  76:Drivers/CMSIS/Include/cmsis_gcc.h ****   #define __UNALIGNED_UINT32(x)                  (((struct T_UINT32 *)(x))->v)
  77:Drivers/CMSIS/Include/cmsis_gcc.h **** #endif
ARM GAS  C:\Users\ASUS\AppData\Local\Temp\ccyY8BNI.s 			page 28


  78:Drivers/CMSIS/Include/cmsis_gcc.h **** #ifndef   __UNALIGNED_UINT16_WRITE
  79:Drivers/CMSIS/Include/cmsis_gcc.h ****   #pragma GCC diagnostic push
  80:Drivers/CMSIS/Include/cmsis_gcc.h ****   #pragma GCC diagnostic ignored "-Wpacked"
  81:Drivers/CMSIS/Include/cmsis_gcc.h ****   #pragma GCC diagnostic ignored "-Wattributes"
  82:Drivers/CMSIS/Include/cmsis_gcc.h ****   __PACKED_STRUCT T_UINT16_WRITE { uint16_t v; };
  83:Drivers/CMSIS/Include/cmsis_gcc.h ****   #pragma GCC diagnostic pop
  84:Drivers/CMSIS/Include/cmsis_gcc.h ****   #define __UNALIGNED_UINT16_WRITE(addr, val)    (void)((((struct T_UINT16_WRITE *)(void *)(addr))-
  85:Drivers/CMSIS/Include/cmsis_gcc.h **** #endif
  86:Drivers/CMSIS/Include/cmsis_gcc.h **** #ifndef   __UNALIGNED_UINT16_READ
  87:Drivers/CMSIS/Include/cmsis_gcc.h ****   #pragma GCC diagnostic push
  88:Drivers/CMSIS/Include/cmsis_gcc.h ****   #pragma GCC diagnostic ignored "-Wpacked"
  89:Drivers/CMSIS/Include/cmsis_gcc.h ****   #pragma GCC diagnostic ignored "-Wattributes"
  90:Drivers/CMSIS/Include/cmsis_gcc.h ****   __PACKED_STRUCT T_UINT16_READ { uint16_t v; };
  91:Drivers/CMSIS/Include/cmsis_gcc.h ****   #pragma GCC diagnostic pop
  92:Drivers/CMSIS/Include/cmsis_gcc.h ****   #define __UNALIGNED_UINT16_READ(addr)          (((const struct T_UINT16_READ *)(const void *)(add
  93:Drivers/CMSIS/Include/cmsis_gcc.h **** #endif
  94:Drivers/CMSIS/Include/cmsis_gcc.h **** #ifndef   __UNALIGNED_UINT32_WRITE
  95:Drivers/CMSIS/Include/cmsis_gcc.h ****   #pragma GCC diagnostic push
  96:Drivers/CMSIS/Include/cmsis_gcc.h ****   #pragma GCC diagnostic ignored "-Wpacked"
  97:Drivers/CMSIS/Include/cmsis_gcc.h ****   #pragma GCC diagnostic ignored "-Wattributes"
  98:Drivers/CMSIS/Include/cmsis_gcc.h ****   __PACKED_STRUCT T_UINT32_WRITE { uint32_t v; };
  99:Drivers/CMSIS/Include/cmsis_gcc.h ****   #pragma GCC diagnostic pop
 100:Drivers/CMSIS/Include/cmsis_gcc.h ****   #define __UNALIGNED_UINT32_WRITE(addr, val)    (void)((((struct T_UINT32_WRITE *)(void *)(addr))-
 101:Drivers/CMSIS/Include/cmsis_gcc.h **** #endif
 102:Drivers/CMSIS/Include/cmsis_gcc.h **** #ifndef   __UNALIGNED_UINT32_READ
 103:Drivers/CMSIS/Include/cmsis_gcc.h ****   #pragma GCC diagnostic push
 104:Drivers/CMSIS/Include/cmsis_gcc.h ****   #pragma GCC diagnostic ignored "-Wpacked"
 105:Drivers/CMSIS/Include/cmsis_gcc.h ****   #pragma GCC diagnostic ignored "-Wattributes"
 106:Drivers/CMSIS/Include/cmsis_gcc.h ****   __PACKED_STRUCT T_UINT32_READ { uint32_t v; };
 107:Drivers/CMSIS/Include/cmsis_gcc.h ****   #pragma GCC diagnostic pop
 108:Drivers/CMSIS/Include/cmsis_gcc.h ****   #define __UNALIGNED_UINT32_READ(addr)          (((const struct T_UINT32_READ *)(const void *)(add
 109:Drivers/CMSIS/Include/cmsis_gcc.h **** #endif
 110:Drivers/CMSIS/Include/cmsis_gcc.h **** #ifndef   __ALIGNED
 111:Drivers/CMSIS/Include/cmsis_gcc.h ****   #define __ALIGNED(x)                           __attribute__((aligned(x)))
 112:Drivers/CMSIS/Include/cmsis_gcc.h **** #endif
 113:Drivers/CMSIS/Include/cmsis_gcc.h **** #ifndef   __RESTRICT
 114:Drivers/CMSIS/Include/cmsis_gcc.h ****   #define __RESTRICT                             __restrict
 115:Drivers/CMSIS/Include/cmsis_gcc.h **** #endif
 116:Drivers/CMSIS/Include/cmsis_gcc.h **** 
 117:Drivers/CMSIS/Include/cmsis_gcc.h **** 
 118:Drivers/CMSIS/Include/cmsis_gcc.h **** /* ###########################  Core Function Access  ########################### */
 119:Drivers/CMSIS/Include/cmsis_gcc.h **** /** \ingroup  CMSIS_Core_FunctionInterface
 120:Drivers/CMSIS/Include/cmsis_gcc.h ****     \defgroup CMSIS_Core_RegAccFunctions CMSIS Core Register Access Functions
 121:Drivers/CMSIS/Include/cmsis_gcc.h ****   @{
 122:Drivers/CMSIS/Include/cmsis_gcc.h ****  */
 123:Drivers/CMSIS/Include/cmsis_gcc.h **** 
 124:Drivers/CMSIS/Include/cmsis_gcc.h **** /**
 125:Drivers/CMSIS/Include/cmsis_gcc.h ****   \brief   Enable IRQ Interrupts
 126:Drivers/CMSIS/Include/cmsis_gcc.h ****   \details Enables IRQ interrupts by clearing the I-bit in the CPSR.
 127:Drivers/CMSIS/Include/cmsis_gcc.h ****            Can only be executed in Privileged modes.
 128:Drivers/CMSIS/Include/cmsis_gcc.h ****  */
 129:Drivers/CMSIS/Include/cmsis_gcc.h **** __STATIC_FORCEINLINE void __enable_irq(void)
 130:Drivers/CMSIS/Include/cmsis_gcc.h **** {
 131:Drivers/CMSIS/Include/cmsis_gcc.h ****   __ASM volatile ("cpsie i" : : : "memory");
 132:Drivers/CMSIS/Include/cmsis_gcc.h **** }
 133:Drivers/CMSIS/Include/cmsis_gcc.h **** 
 134:Drivers/CMSIS/Include/cmsis_gcc.h **** 
ARM GAS  C:\Users\ASUS\AppData\Local\Temp\ccyY8BNI.s 			page 29


 135:Drivers/CMSIS/Include/cmsis_gcc.h **** /**
 136:Drivers/CMSIS/Include/cmsis_gcc.h ****   \brief   Disable IRQ Interrupts
 137:Drivers/CMSIS/Include/cmsis_gcc.h ****   \details Disables IRQ interrupts by setting the I-bit in the CPSR.
 138:Drivers/CMSIS/Include/cmsis_gcc.h ****            Can only be executed in Privileged modes.
 139:Drivers/CMSIS/Include/cmsis_gcc.h ****  */
 140:Drivers/CMSIS/Include/cmsis_gcc.h **** __STATIC_FORCEINLINE void __disable_irq(void)
 141:Drivers/CMSIS/Include/cmsis_gcc.h **** {
 142:Drivers/CMSIS/Include/cmsis_gcc.h ****   __ASM volatile ("cpsid i" : : : "memory");
 1025              		.loc 2 142 3
 1026              		.syntax unified
 1027              	@ 142 "Drivers/CMSIS/Include/cmsis_gcc.h" 1
 1028 0004 72B6     		cpsid i
 1029              	@ 0 "" 2
 143:Drivers/CMSIS/Include/cmsis_gcc.h **** }
 1030              		.loc 2 143 1
 1031              		.thumb
 1032              		.syntax unified
 1033 0006 00BF     		nop
 1034              	.L43:
 1035              	.LBE11:
 1036              	.LBE10:
 446:./Core/Src/main.c ****   /* USER CODE BEGIN Error_Handler_Debug */
 447:./Core/Src/main.c ****   /* User can add his own implementation to report the HAL error return state */
 448:./Core/Src/main.c ****   __disable_irq();
 449:./Core/Src/main.c ****   while (1)
 1037              		.loc 1 449 9 discriminator 1
 1038 0008 FEE7     		b	.L43
 1039              		.cfi_endproc
 1040              	.LFE75:
 1042              		.text
 1043              	.Letext0:
 1044              		.file 3 "Drivers/CMSIS/Device/ST/STM32F1xx/Include/stm32f103xb.h"
 1045              		.file 4 "c:\\st\\stm32cubeide_1.7.0\\stm32cubeide\\plugins\\com.st.stm32cube.ide.mcu.externaltools
 1046              		.file 5 "c:\\st\\stm32cubeide_1.7.0\\stm32cubeide\\plugins\\com.st.stm32cube.ide.mcu.externaltools
 1047              		.file 6 "Drivers/STM32F1xx_HAL_Driver/Inc/stm32f1xx_hal_def.h"
 1048              		.file 7 "Drivers/STM32F1xx_HAL_Driver/Inc/stm32f1xx_hal_rcc.h"
 1049              		.file 8 "Drivers/STM32F1xx_HAL_Driver/Inc/stm32f1xx_hal_rcc_ex.h"
 1050              		.file 9 "Drivers/STM32F1xx_HAL_Driver/Inc/stm32f1xx_hal_gpio.h"
 1051              		.file 10 "Drivers/STM32F1xx_HAL_Driver/Inc/stm32f1xx_hal_dma.h"
 1052              		.file 11 "Drivers/STM32F1xx_HAL_Driver/Inc/stm32f1xx_hal_tim.h"
 1053              		.file 12 "Drivers/STM32F1xx_HAL_Driver/Inc/stm32f1xx_hal_uart.h"
 1054              		.file 13 "Core/Inc/Software_Timer.h"
 1055              		.file 14 "Core/Inc/global.h"
 1056              		.file 15 "Core/Inc/traffic_timer.h"
 1057              		.file 16 "Core/Inc/button.h"
 1058              		.file 17 "Drivers/STM32F1xx_HAL_Driver/Inc/stm32f1xx_hal_cortex.h"
 1059              		.file 18 "Core/Inc/main.h"
 1060              		.file 19 "Drivers/STM32F1xx_HAL_Driver/Inc/stm32f1xx_hal_tim_ex.h"
 1061              		.file 20 "Core/Inc/LED_TOGGLE.h"
 1062              		.file 21 "Drivers/STM32F1xx_HAL_Driver/Inc/stm32f1xx_hal.h"
 1063              		.file 22 "c:\\st\\stm32cubeide_1.7.0\\stm32cubeide\\plugins\\com.st.stm32cube.ide.mcu.externaltool
 1064              		.file 23 "Core/Inc/fsm_manual.h"
ARM GAS  C:\Users\ASUS\AppData\Local\Temp\ccyY8BNI.s 			page 30


DEFINED SYMBOLS
                            *ABS*:0000000000000000 main.c
C:\Users\ASUS\AppData\Local\Temp\ccyY8BNI.s:22     .bss.htim2:0000000000000000 htim2
C:\Users\ASUS\AppData\Local\Temp\ccyY8BNI.s:19     .bss.htim2:0000000000000000 $d
C:\Users\ASUS\AppData\Local\Temp\ccyY8BNI.s:29     .bss.htim3:0000000000000000 htim3
C:\Users\ASUS\AppData\Local\Temp\ccyY8BNI.s:26     .bss.htim3:0000000000000000 $d
C:\Users\ASUS\AppData\Local\Temp\ccyY8BNI.s:32     .rodata:0000000000000000 $d
C:\Users\ASUS\AppData\Local\Temp\ccyY8BNI.s:36     .text.main:0000000000000000 $t
C:\Users\ASUS\AppData\Local\Temp\ccyY8BNI.s:42     .text.main:0000000000000000 main
C:\Users\ASUS\AppData\Local\Temp\ccyY8BNI.s:325    .text.SystemClock_Config:0000000000000000 SystemClock_Config
C:\Users\ASUS\AppData\Local\Temp\ccyY8BNI.s:774    .text.MX_GPIO_Init:0000000000000000 MX_GPIO_Init
C:\Users\ASUS\AppData\Local\Temp\ccyY8BNI.s:703    .text.MX_USART2_UART_Init:0000000000000000 MX_USART2_UART_Init
C:\Users\ASUS\AppData\Local\Temp\ccyY8BNI.s:426    .text.MX_TIM2_Init:0000000000000000 MX_TIM2_Init
C:\Users\ASUS\AppData\Local\Temp\ccyY8BNI.s:540    .text.MX_TIM3_Init:0000000000000000 MX_TIM3_Init
C:\Users\ASUS\AppData\Local\Temp\ccyY8BNI.s:300    .text.main:0000000000000194 $d
C:\Users\ASUS\AppData\Local\Temp\ccyY8BNI.s:319    .text.SystemClock_Config:0000000000000000 $t
C:\Users\ASUS\AppData\Local\Temp\ccyY8BNI.s:1010   .text.Error_Handler:0000000000000000 Error_Handler
C:\Users\ASUS\AppData\Local\Temp\ccyY8BNI.s:421    .text.MX_TIM2_Init:0000000000000000 $t
C:\Users\ASUS\AppData\Local\Temp\ccyY8BNI.s:530    .text.MX_TIM2_Init:0000000000000094 $d
C:\Users\ASUS\AppData\Local\Temp\ccyY8BNI.s:535    .text.MX_TIM3_Init:0000000000000000 $t
C:\Users\ASUS\AppData\Local\Temp\ccyY8BNI.s:692    .text.MX_TIM3_Init:00000000000000e4 $d
C:\Users\ASUS\AppData\Local\Temp\ccyY8BNI.s:698    .text.MX_USART2_UART_Init:0000000000000000 $t
C:\Users\ASUS\AppData\Local\Temp\ccyY8BNI.s:763    .text.MX_USART2_UART_Init:000000000000004c $d
C:\Users\ASUS\AppData\Local\Temp\ccyY8BNI.s:769    .text.MX_GPIO_Init:0000000000000000 $t
C:\Users\ASUS\AppData\Local\Temp\ccyY8BNI.s:952    .text.MX_GPIO_Init:000000000000012c $d
C:\Users\ASUS\AppData\Local\Temp\ccyY8BNI.s:961    .text.HAL_TIM_PeriodElapsedCallback:0000000000000000 $t
C:\Users\ASUS\AppData\Local\Temp\ccyY8BNI.s:967    .text.HAL_TIM_PeriodElapsedCallback:0000000000000000 HAL_TIM_PeriodElapsedCallback
C:\Users\ASUS\AppData\Local\Temp\ccyY8BNI.s:1004   .text.Error_Handler:0000000000000000 $t
                           .group:0000000000000000 wm4.0.cb5f01749778df26340c4505df3d34d0
                           .group:0000000000000000 wm4.stm32f1xx_hal_conf.h.22.9203001c8f439cc72798ab2500313551
                           .group:0000000000000000 wm4.stm32f1xx.h.39.208bb8a61c892b7c37d899c49a031330
                           .group:0000000000000000 wm4.stm32f103xb.h.38.ec967d5ad9d3269cb0788eebda048e38
                           .group:0000000000000000 wm4._newlib_version.h.4.bfdf54b0af045d4a71376ae00f63a22c
                           .group:0000000000000000 wm4.features.h.33.318b64d71e0957639cfb30f1db1f7ec8
                           .group:0000000000000000 wm4._default_types.h.15.247e5cd201eca3442cbf5404108c4935
                           .group:0000000000000000 wm4._intsup.h.10.48bafbb683905c4daa4565a85aeeb264
                           .group:0000000000000000 wm4._stdint.h.10.c24fa3af3bc1706662bb5593a907e841
                           .group:0000000000000000 wm4.stdint.h.23.d53047a68f4a85177f80b422d52785ed
                           .group:0000000000000000 wm4.cmsis_version.h.32.4d5822004c01a829a975260e854b5f8e
                           .group:0000000000000000 wm4.core_cm3.h.66.fc46cac19810db8f98d67da7ef88f42c
                           .group:0000000000000000 wm4.cmsis_gcc.h.26.4f5798e999d5690b80e6ded3ecc94b37
                           .group:0000000000000000 wm4.core_cm3.h.127.f4474120f1a7524deb56f9d74ff175da
                           .group:0000000000000000 wm4.stm32f103xb.h.573.10249aa7473ca93be896fed94046a725
                           .group:0000000000000000 wm4.stm32f1xx.h.162.96b09079a093c34dbd7f0b85cbd0ddee
                           .group:0000000000000000 wm4.stm32_hal_legacy.h.23.91ba5b544a4c2be2620a1e7ff0049e10
                           .group:0000000000000000 wm4.stddef.h.39.144cf5ddcd53cbfdac30259dc1a6c87f
                           .group:0000000000000000 wm4.stm32f1xx_hal_def.h.57.18d01ce1aa74e9fb44dbf16f821a574a
                           .group:0000000000000000 wm4.stm32f1xx_hal_rcc.h.95.21591bbc513aaa813c0b8640c3b32517
                           .group:0000000000000000 wm4.stm32f1xx_hal_rcc_ex.h.22.8763f99bc1e3e2dcf0febe9161d81b37
                           .group:0000000000000000 wm4.stm32f1xx_hal_rcc.h.1202.f8e5f9e0cf4eef7840facf5396029056
                           .group:0000000000000000 wm4.stm32f1xx_hal_gpio.h.22.fa638d688dcc57ca806fe6a7831b0d04
                           .group:0000000000000000 wm4.stm32f1xx_hal_gpio_ex.h.22.51a50ef3512cd78017ce666a32d364bf
                           .group:0000000000000000 wm4.stm32f1xx_hal_gpio.h.263.f5ebf2f545ade59412ab9261c8e35dc4
                           .group:0000000000000000 wm4.stm32f1xx_hal_exti.h.22.e26491d042c8079c3ca67eca341af862
                           .group:0000000000000000 wm4.stm32f1xx_hal_dma.h.22.3c14338534886827bf3aeaa2a7f412a1
                           .group:0000000000000000 wm4.stm32f1xx_hal_dma_ex.h.22.001ac4d7f81ccbdcae49bd65c13858c8
                           .group:0000000000000000 wm4.stm32f1xx_hal_dma.h.409.cafcd2cfe701091535636be537c18293
ARM GAS  C:\Users\ASUS\AppData\Local\Temp\ccyY8BNI.s 			page 31


                           .group:0000000000000000 wm4.stm32f1xx_hal_cortex.h.22.b5f4174bb6a50d95405567b8f50e0900
                           .group:0000000000000000 wm4.stm32f1xx_hal_flash.h.22.5cea9a7210e6315b41724b47b5fdf203
                           .group:0000000000000000 wm4.stm32f1xx_hal_flash_ex.h.22.d4e19c21f2a86fa2f8ec2c2d5f1ab2af
                           .group:0000000000000000 wm4.stm32f1xx_hal_pwr.h.22.3438c476faafc3240bf146f143df3fcd
                           .group:0000000000000000 wm4.stm32f1xx_hal_tim.h.22.a16e206564e97dbace9faae59a0d6008
                           .group:0000000000000000 wm4.stm32f1xx_hal_uart.h.22.5f7992e497faa36aa98f09f7214f4dbb
                           .group:0000000000000000 wm4.stm32f1xx_hal.h.88.91065c0692bed6019c34f1e9c00589fd
                           .group:0000000000000000 wm4.main.h.62.215d12b3f54334165c3eb9a2c23b6466
                           .group:0000000000000000 wm4.button.h.13.502414bc4624a6b62bdc27e8db5e0ac4
                           .group:0000000000000000 wm4.global.h.15.407c81abcec812c5d10654add0683a73
                           .group:0000000000000000 wm4.traffic_timer.h.9.fca55a36339f465b6b310ca07e089e8e
                           .group:0000000000000000 wm4.fsm_manual.h.14.6e2b6c7085662bcab0aa42ad23d56cc3
                           .group:0000000000000000 wm4.newlib.h.8.7cb3972cd43265932d4782d5eb589854
                           .group:0000000000000000 wm4.ieeefp.h.77.25247dc27dbe3b23bfe98c2dc18f6ac5
                           .group:0000000000000000 wm4.config.h.224.c701144a7b0518c6ee9b9b5465b79f81
                           .group:0000000000000000 wm4._ansi.h.31.de524f58584151836e90d8620a16f8e8
                           .group:0000000000000000 wm4.stdio.h.31.7c0e28c411445f3f9c5b11accf882760
                           .group:0000000000000000 wm4.stddef.h.155.ba788add86a0e365f264484f110c3c29
                           .group:0000000000000000 wm4.cdefs.h.49.39045112216f6a021dbdffe3bf5accce
                           .group:0000000000000000 wm4.stdarg.h.34.3a23a216c0c293b3d2ea2e89281481e6
                           .group:0000000000000000 wm4._types.h.20.dd0d04dca3800a0d2a6129b87f3adbb2
                           .group:0000000000000000 wm4.stddef.h.155.3588ebfdd1e8c7ede80509bb9c3b8009
                           .group:0000000000000000 wm4._types.h.127.34941de1b2539d59d5cac00e0dd27a45
                           .group:0000000000000000 wm4.reent.h.17.e292bf8b0bec6c96e131a54347145a30
                           .group:0000000000000000 wm4.lock.h.2.1461d1fff82dffe8bfddc23307f6484f
                           .group:0000000000000000 wm4.reent.h.77.dcd6129ff07fe81bd5636db29abe53b2
                           .group:0000000000000000 wm4.types.h.40.8b6acba56cefbb11746718204edc8f5e
                           .group:0000000000000000 wm4._endian.h.31.65a10590763c3dde1ac4a7f66d7d4891
                           .group:0000000000000000 wm4.endian.h.9.49f3a4695c1b61e8a0808de3c4a106cb
                           .group:0000000000000000 wm4._timeval.h.32.bec3221fa7a9bb0bdde696c9c57e47d2
                           .group:0000000000000000 wm4.timespec.h.41.d855182eb0e690443ab8651bcedca6e1
                           .group:0000000000000000 wm4.select.h.19.40cd3f2bfc456b193b790c2754690ebf
                           .group:0000000000000000 wm4.types.h.51.5571ec98f267d17d3c670b7a3ba33afa
                           .group:0000000000000000 wm4.sched.h.22.c60982713a5c428609783c78f9c78d95
                           .group:0000000000000000 wm4._pthreadtypes.h.36.fcee9961c35163dde6267ef772ad1972
                           .group:0000000000000000 wm4.stdio.h.2.4aa87247282eca6c8f36f9de33d8df1a
                           .group:0000000000000000 wm4.stdio.h.81.932d0c162786b883f622b8d05c120c78

UNDEFINED SYMBOLS
HAL_Init
HAL_TIM_Base_Start_IT
HAL_TIM_PWM_Start
LED3_OFF
setTimer1
fsm_manual_run
light_control_1
light_control_2
isButton4Pressed
setTimer5
sprintf
HAL_UART_Transmit
RED1_TOGGLE
YELLOW1_TOGGLE
GREEN1_TOGGLE
RED2_TOGGLE
RED3_TOGGLE
YELLOW2_TOGGLE
ARM GAS  C:\Users\ASUS\AppData\Local\Temp\ccyY8BNI.s 			page 32


YELLOW3_TOGGLE
HAL_Delay
GREEN2_TOGGLE
GREEN3_TOGGLE
timer5_flag
timer1_flag
timer3_counter
huart2
RED1_flag
YELLOW1_flag
GREEN1_flag
RED2_flag
YELLOW2_flag
timer_yellow
GREEN2_flag
memset
HAL_RCC_OscConfig
HAL_RCC_ClockConfig
HAL_TIM_Base_Init
HAL_TIM_ConfigClockSource
HAL_TIMEx_MasterConfigSynchronization
HAL_TIM_PWM_Init
HAL_TIM_PWM_ConfigChannel
HAL_TIM_MspPostInit
HAL_UART_Init
HAL_GPIO_WritePin
HAL_GPIO_Init
HAL_NVIC_SetPriority
HAL_NVIC_EnableIRQ
timerRun
getKeyInput1
getKeyInput2
getKeyInput3
getKeyInput4
